TN:
SF:src/App.tsx
FN:87,(anonymous_0)
FN:99,(anonymous_1)
FN:112,(anonymous_2)
FN:124,(anonymous_3)
FN:126,(anonymous_4)
FN:130,(anonymous_5)
FN:134,(anonymous_6)
FN:143,(anonymous_7)
FN:148,(anonymous_8)
FN:155,App
FN:156,(anonymous_10)
FN:192,(anonymous_11)
FN:200,(anonymous_12)
FN:210,(anonymous_13)
FN:237,(anonymous_14)
FN:244,(anonymous_15)
FN:247,(anonymous_16)
FN:252,(anonymous_17)
FN:265,(anonymous_18)
FN:288,(anonymous_19)
FN:296,(anonymous_20)
FN:301,(anonymous_21)
FN:304,(anonymous_22)
FN:310,(anonymous_23)
FN:312,(anonymous_24)
FN:313,(anonymous_25)
FN:326,(anonymous_26)
FN:386,(anonymous_27)
FN:388,(anonymous_28)
FN:389,(anonymous_29)
FN:419,(anonymous_30)
FN:427,(anonymous_31)
FN:448,(anonymous_32)
FN:453,(anonymous_33)
FN:469,(anonymous_34)
FN:478,(anonymous_35)
FN:485,(anonymous_36)
FN:495,(anonymous_37)
FN:513,(anonymous_38)
FN:530,(anonymous_39)
FN:536,(anonymous_40)
FN:565,(anonymous_41)
FN:585,(anonymous_42)
FN:606,(anonymous_43)
FN:621,(anonymous_44)
FN:657,(anonymous_45)
FN:704,(anonymous_46)
FN:709,(anonymous_47)
FN:714,(anonymous_48)
FN:728,(anonymous_49)
FN:738,(anonymous_50)
FN:743,(anonymous_51)
FN:751,(anonymous_52)
FN:760,(anonymous_53)
FN:795,(anonymous_54)
FN:801,(anonymous_55)
FN:807,(anonymous_56)
FN:819,(anonymous_57)
FN:825,(anonymous_58)
FN:833,(anonymous_59)
FN:856,(anonymous_60)
FN:860,(anonymous_61)
FN:875,(anonymous_62)
FN:881,(anonymous_63)
FN:915,(anonymous_64)
FN:950,(anonymous_65)
FN:1033,(anonymous_66)
FN:1068,(anonymous_67)
FN:1171,(anonymous_68)
FN:1206,(anonymous_69)
FN:1263,(anonymous_70)
FNF:71
FNH:49
FNDA:22,(anonymous_0)
FNDA:13,(anonymous_1)
FNDA:22,(anonymous_2)
FNDA:22,(anonymous_3)
FNDA:9,(anonymous_4)
FNDA:6,(anonymous_5)
FNDA:0,(anonymous_6)
FNDA:2,(anonymous_7)
FNDA:8,(anonymous_8)
FNDA:36,App
FNDA:11,(anonymous_10)
FNDA:1,(anonymous_11)
FNDA:11,(anonymous_12)
FNDA:0,(anonymous_13)
FNDA:11,(anonymous_14)
FNDA:11,(anonymous_15)
FNDA:11,(anonymous_16)
FNDA:16,(anonymous_17)
FNDA:15,(anonymous_18)
FNDA:11,(anonymous_19)
FNDA:11,(anonymous_20)
FNDA:0,(anonymous_21)
FNDA:1,(anonymous_22)
FNDA:11,(anonymous_23)
FNDA:1,(anonymous_24)
FNDA:0,(anonymous_25)
FNDA:11,(anonymous_26)
FNDA:11,(anonymous_27)
FNDA:0,(anonymous_28)
FNDA:0,(anonymous_29)
FNDA:14,(anonymous_30)
FNDA:4,(anonymous_31)
FNDA:4,(anonymous_32)
FNDA:11,(anonymous_33)
FNDA:11,(anonymous_34)
FNDA:16,(anonymous_35)
FNDA:12,(anonymous_36)
FNDA:18,(anonymous_37)
FNDA:0,(anonymous_38)
FNDA:0,(anonymous_39)
FNDA:0,(anonymous_40)
FNDA:3,(anonymous_41)
FNDA:0,(anonymous_42)
FNDA:11,(anonymous_43)
FNDA:0,(anonymous_44)
FNDA:1,(anonymous_45)
FNDA:0,(anonymous_46)
FNDA:1,(anonymous_47)
FNDA:1,(anonymous_48)
FNDA:0,(anonymous_49)
FNDA:0,(anonymous_50)
FNDA:1,(anonymous_51)
FNDA:1,(anonymous_52)
FNDA:0,(anonymous_53)
FNDA:0,(anonymous_54)
FNDA:1,(anonymous_55)
FNDA:12,(anonymous_56)
FNDA:15,(anonymous_57)
FNDA:0,(anonymous_58)
FNDA:0,(anonymous_59)
FNDA:17,(anonymous_60)
FNDA:2,(anonymous_61)
FNDA:2,(anonymous_62)
FNDA:1,(anonymous_63)
FNDA:0,(anonymous_64)
FNDA:36,(anonymous_65)
FNDA:108,(anonymous_66)
FNDA:0,(anonymous_67)
FNDA:0,(anonymous_68)
FNDA:0,(anonymous_69)
FNDA:69,(anonymous_70)
DA:79,3
DA:80,3
DA:81,3
DA:82,3
DA:87,3
DA:91,22
DA:92,22
DA:93,22
DA:95,0
DA:99,3
DA:104,13
DA:105,13
DA:106,13
DA:112,3
DA:116,22
DA:117,22
DA:118,22
DA:124,3
DA:125,22
DA:126,3
DA:127,9
DA:128,9
DA:130,3
DA:131,6
DA:132,6
DA:134,3
DA:135,0
DA:136,0
DA:143,3
DA:144,2
DA:145,2
DA:146,2
DA:148,3
DA:149,8
DA:150,8
DA:151,8
DA:156,36
DA:157,11
DA:159,36
DA:160,36
DA:161,36
DA:162,36
DA:166,36
DA:170,36
DA:171,36
DA:183,36
DA:192,1
DA:195,36
DA:196,36
DA:197,36
DA:198,36
DA:199,36
DA:200,11
DA:209,36
DA:210,36
DA:211,0
DA:212,0
DA:213,0
DA:214,0
DA:215,0
DA:216,0
DA:217,0
DA:221,36
DA:222,36
DA:223,36
DA:224,36
DA:225,36
DA:226,36
DA:227,36
DA:228,36
DA:229,36
DA:231,36
DA:232,36
DA:234,36
DA:236,36
DA:237,11
DA:241,36
DA:243,36
DA:244,11
DA:247,36
DA:248,11
DA:250,36
DA:251,36
DA:252,36
DA:253,16
DA:258,4
DA:260,12
DA:261,12
DA:262,4
DA:265,36
DA:266,15
DA:268,0
DA:269,15
DA:270,15
DA:271,0
DA:273,0
DA:274,15
DA:275,0
DA:277,0
DA:282,15
DA:283,0
DA:284,0
DA:288,36
DA:289,11
DA:290,7
DA:291,7
DA:292,7
DA:293,7
DA:296,36
DA:297,11
DA:298,10
DA:299,10
DA:301,1
DA:302,0
DA:304,1
DA:307,36
DA:308,36
DA:309,36
DA:310,11
DA:312,1
DA:313,0
DA:316,36
DA:317,36
DA:319,36
DA:320,36
DA:321,36
DA:322,36
DA:323,36
DA:324,36
DA:325,36
DA:326,36
DA:327,36
DA:329,36
DA:335,36
DA:336,36
DA:337,36
DA:338,36
DA:340,36
DA:343,36
DA:348,36
DA:353,36
DA:360,36
DA:368,36
DA:376,36
DA:381,36
DA:386,36
DA:387,11
DA:388,0
DA:389,0
DA:392,36
DA:398,36
DA:404,36
DA:405,36
DA:406,36
DA:408,36
DA:411,36
DA:415,36
DA:419,36
DA:420,14
DA:421,10
DA:422,10
DA:423,10
DA:425,4
DA:426,4
DA:427,4
DA:428,4
DA:429,4
DA:434,4
DA:435,4
DA:437,3
DA:438,3
DA:439,3
DA:440,3
DA:441,3
DA:442,3
DA:448,4
DA:449,4
DA:453,36
DA:454,11
DA:455,0
DA:456,0
DA:457,0
DA:458,0
DA:462,36
DA:469,36
DA:470,11
DA:471,7
DA:472,5
DA:473,2
DA:475,3
DA:478,36
DA:479,16
DA:480,5
DA:481,0
DA:485,36
DA:486,12
DA:487,4
DA:488,4
DA:490,8
DA:491,8
DA:495,36
DA:496,18
DA:497,14
DA:498,6
DA:499,2
DA:501,6
DA:503,8
DA:504,2
DA:505,2
DA:507,6
DA:508,0
DA:513,36
DA:514,0
DA:515,0
DA:516,0
DA:518,0
DA:522,0
DA:524,0
DA:525,0
DA:526,0
DA:530,36
DA:531,0
DA:532,0
DA:535,36
DA:540,0
DA:542,0
DA:553,0
DA:554,0
DA:558,0
DA:560,0
DA:565,36
DA:566,3
DA:567,3
DA:568,3
DA:569,3
DA:570,3
DA:571,0
DA:572,0
DA:574,3
DA:575,3
DA:576,2
DA:577,2
DA:582,3
DA:585,36
DA:586,0
DA:587,0
DA:588,0
DA:589,0
DA:590,0
DA:591,0
DA:593,0
DA:594,0
DA:598,0
DA:600,0
DA:601,0
DA:603,0
DA:606,36
DA:607,11
DA:608,4
DA:609,4
DA:610,0
DA:611,0
DA:612,0
DA:613,0
DA:621,36
DA:622,0
DA:623,0
DA:624,0
DA:625,0
DA:626,0
DA:637,0
DA:638,0
DA:639,0
DA:640,0
DA:641,0
DA:642,0
DA:644,0
DA:645,0
DA:646,0
DA:648,0
DA:653,0
DA:657,36
DA:658,1
DA:659,1
DA:660,1
DA:661,1
DA:663,1
DA:674,1
DA:679,1
DA:680,1
DA:682,0
DA:683,0
DA:684,0
DA:686,0
DA:687,0
DA:688,0
DA:691,0
DA:692,0
DA:694,0
DA:699,1
DA:704,36
DA:705,0
DA:709,36
DA:710,1
DA:714,36
DA:715,1
DA:716,1
DA:717,0
DA:718,0
DA:721,1
DA:722,1
DA:723,1
DA:724,1
DA:725,1
DA:726,1
DA:727,1
DA:729,0
DA:730,0
DA:731,0
DA:733,0
DA:739,0
DA:743,36
DA:744,1
DA:745,1
DA:746,1
DA:747,1
DA:751,36
DA:752,1
DA:753,1
DA:754,1
DA:755,1
DA:756,1
DA:760,36
DA:761,0
DA:762,0
DA:763,0
DA:764,0
DA:766,0
DA:767,0
DA:768,0
DA:769,0
DA:770,0
DA:771,0
DA:772,0
DA:777,0
DA:778,0
DA:779,0
DA:781,0
DA:782,0
DA:783,0
DA:785,0
DA:790,0
DA:795,36
DA:796,0
DA:797,0
DA:798,0
DA:801,36
DA:802,1
DA:803,1
DA:804,1
DA:807,36
DA:808,12
DA:809,1
DA:810,1
DA:811,1
DA:813,0
DA:814,0
DA:815,0
DA:819,36
DA:820,15
DA:821,2
DA:822,2
DA:823,0
DA:824,0
DA:825,0
DA:826,0
DA:827,0
DA:828,0
DA:829,0
DA:830,0
DA:831,0
DA:833,0
DA:834,0
DA:835,0
DA:836,0
DA:839,0
DA:840,0
DA:843,0
DA:856,36
DA:857,17
DA:858,12
DA:859,2
DA:860,2
DA:861,2
DA:862,2
DA:863,2
DA:864,2
DA:865,2
DA:866,1
DA:867,1
DA:870,0
DA:871,0
DA:875,2
DA:876,2
DA:881,36
DA:882,1
DA:883,1
DA:884,1
DA:885,1
DA:886,1
DA:887,1
DA:888,1
DA:889,1
DA:890,1
DA:891,1
DA:892,1
DA:894,0
DA:895,0
DA:896,0
DA:898,0
DA:899,0
DA:903,0
DA:905,0
DA:910,1
DA:915,36
DA:916,0
DA:917,0
DA:918,0
DA:919,0
DA:920,0
DA:921,0
DA:922,0
DA:923,0
DA:928,0
DA:929,0
DA:930,0
DA:932,0
DA:933,0
DA:934,0
DA:936,0
DA:941,0
DA:946,36
DA:950,36
DA:951,36
DA:952,36
DA:953,36
DA:954,0
DA:955,0
DA:957,0
DA:958,0
DA:960,0
DA:961,0
DA:963,0
DA:965,36
DA:973,36
DA:978,36
DA:987,36
DA:989,36
DA:991,36
DA:993,36
DA:995,36
DA:1000,36
DA:1007,36
DA:1033,108
DA:1034,36
DA:1036,36
DA:1038,36
DA:1068,0
DA:1171,0
DA:1206,0
DA:1264,69
DA:1271,69
LF:472
LH:302
BRDA:83,0,0,3
BRDA:83,0,1,3
BRDA:91,1,0,0
BRDA:91,1,1,22
BRDA:104,2,0,0
BRDA:104,2,1,13
BRDA:116,3,0,0
BRDA:116,3,1,22
BRDA:125,4,0,22
BRDA:125,4,1,0
BRDA:127,5,0,0
BRDA:127,5,1,9
BRDA:131,6,0,0
BRDA:131,6,1,6
BRDA:135,7,0,0
BRDA:135,7,1,0
BRDA:137,8,0,0
BRDA:137,8,1,0
BRDA:137,8,2,0
BRDA:137,8,3,0
BRDA:144,9,0,0
BRDA:144,9,1,2
BRDA:149,10,0,0
BRDA:149,10,1,8
BRDA:188,11,0,36
BRDA:188,11,1,36
BRDA:189,12,0,36
BRDA:189,12,1,36
BRDA:211,13,0,0
BRDA:211,13,1,0
BRDA:213,14,0,0
BRDA:213,14,1,0
BRDA:216,15,0,0
BRDA:216,15,1,0
BRDA:234,16,0,36
BRDA:234,16,1,0
BRDA:235,17,0,0
BRDA:235,17,1,0
BRDA:235,17,2,0
BRDA:241,18,0,23
BRDA:241,18,1,13
BRDA:244,19,0,11
BRDA:244,19,1,6
BRDA:248,20,0,11
BRDA:248,20,1,11
BRDA:253,21,0,4
BRDA:253,21,1,12
BRDA:254,22,0,16
BRDA:254,22,1,16
BRDA:254,22,2,14
BRDA:260,23,0,0
BRDA:260,23,1,12
BRDA:261,24,0,8
BRDA:261,24,1,4
BRDA:261,25,0,8
BRDA:261,25,1,6
BRDA:262,26,0,4
BRDA:262,26,1,3
BRDA:266,27,0,15
BRDA:266,27,1,0
BRDA:268,28,0,0
BRDA:268,28,1,0
BRDA:269,29,0,15
BRDA:269,29,1,0
BRDA:270,30,0,0
BRDA:270,30,1,15
BRDA:273,31,0,0
BRDA:273,31,1,0
BRDA:274,32,0,0
BRDA:274,32,1,15
BRDA:274,33,0,15
BRDA:274,33,1,0
BRDA:278,34,0,0
BRDA:278,34,1,0
BRDA:282,35,0,0
BRDA:282,35,1,15
BRDA:282,36,0,15
BRDA:282,36,1,0
BRDA:289,37,0,4
BRDA:289,37,1,7
BRDA:297,38,0,10
BRDA:297,38,1,1
BRDA:307,39,0,36
BRDA:307,39,1,19
BRDA:308,40,0,36
BRDA:308,40,1,27
BRDA:308,40,2,19
BRDA:311,41,0,11
BRDA:311,41,1,6
BRDA:323,42,0,36
BRDA:323,42,1,36
BRDA:324,43,0,36
BRDA:324,43,1,36
BRDA:325,44,0,36
BRDA:325,44,1,36
BRDA:329,45,0,0
BRDA:329,45,1,36
BRDA:329,46,0,36
BRDA:329,46,1,3
BRDA:330,47,0,0
BRDA:330,47,1,0
BRDA:330,48,0,0
BRDA:330,48,1,0
BRDA:335,49,0,5
BRDA:335,49,1,31
BRDA:335,50,0,5
BRDA:335,50,1,0
BRDA:336,51,0,32
BRDA:336,51,1,4
BRDA:337,52,0,4
BRDA:337,52,1,32
BRDA:338,53,0,36
BRDA:338,53,1,33
BRDA:340,54,0,0
BRDA:340,54,1,36
BRDA:340,55,0,36
BRDA:340,55,1,36
BRDA:343,56,0,23
BRDA:343,56,1,13
BRDA:344,57,0,0
BRDA:344,57,1,23
BRDA:344,58,0,23
BRDA:344,58,1,23
BRDA:348,59,0,17
BRDA:348,59,1,19
BRDA:349,60,0,0
BRDA:349,60,1,17
BRDA:349,61,0,17
BRDA:349,61,1,17
BRDA:351,62,0,17
BRDA:351,62,1,16
BRDA:351,62,2,8
BRDA:353,63,0,17
BRDA:353,63,1,19
BRDA:354,64,0,0
BRDA:354,64,1,17
BRDA:354,65,0,17
BRDA:354,65,1,17
BRDA:356,66,0,17
BRDA:356,66,1,13
BRDA:360,67,0,0
BRDA:360,67,1,36
BRDA:360,68,0,36
BRDA:360,68,1,0
BRDA:362,69,0,16
BRDA:362,69,1,20
BRDA:364,70,0,0
BRDA:364,70,1,20
BRDA:368,71,0,0
BRDA:368,71,1,36
BRDA:368,72,0,36
BRDA:368,72,1,0
BRDA:368,72,2,0
BRDA:371,73,0,6
BRDA:371,73,1,30
BRDA:373,74,0,0
BRDA:373,74,1,30
BRDA:376,75,0,6
BRDA:376,75,1,30
BRDA:377,76,0,6
BRDA:377,76,1,6
BRDA:377,77,0,6
BRDA:377,77,1,0
BRDA:378,78,0,10
BRDA:378,78,1,20
BRDA:381,79,0,6
BRDA:381,79,1,30
BRDA:381,80,0,36
BRDA:381,80,1,36
BRDA:382,81,0,6
BRDA:382,81,1,6
BRDA:382,82,0,6
BRDA:382,82,1,0
BRDA:383,83,0,0
BRDA:383,83,1,30
BRDA:387,84,0,11
BRDA:387,84,1,0
BRDA:387,85,0,11
BRDA:387,85,1,11
BRDA:406,86,0,0
BRDA:406,86,1,36
BRDA:408,87,0,36
BRDA:408,87,1,0
BRDA:411,88,0,0
BRDA:411,88,1,36
BRDA:411,89,0,36
BRDA:411,89,1,0
BRDA:415,90,0,0
BRDA:415,90,1,36
BRDA:415,91,0,36
BRDA:415,91,1,0
BRDA:420,92,0,10
BRDA:420,92,1,4
BRDA:420,93,0,14
BRDA:420,93,1,10
BRDA:420,93,2,7
BRDA:434,94,0,0
BRDA:434,94,1,4
BRDA:435,95,0,1
BRDA:435,95,1,0
BRDA:437,96,0,0
BRDA:437,96,1,3
BRDA:439,97,0,3
BRDA:439,97,1,0
BRDA:441,98,0,3
BRDA:441,98,1,0
BRDA:443,99,0,3
BRDA:443,99,1,0
BRDA:454,100,0,11
BRDA:454,100,1,0
BRDA:455,101,0,0
BRDA:455,101,1,0
BRDA:456,102,0,0
BRDA:456,102,1,0
BRDA:457,103,0,0
BRDA:457,103,1,0
BRDA:458,104,0,0
BRDA:458,104,1,0
BRDA:462,105,0,36
BRDA:462,105,1,17
BRDA:462,105,2,13
BRDA:462,105,3,13
BRDA:462,105,4,1
BRDA:462,105,5,1
BRDA:470,106,0,4
BRDA:470,106,1,7
BRDA:471,107,0,2
BRDA:471,107,1,5
BRDA:472,108,0,2
BRDA:472,108,1,3
BRDA:479,109,0,11
BRDA:479,109,1,5
BRDA:480,110,0,0
BRDA:480,110,1,5
BRDA:486,111,0,4
BRDA:486,111,1,8
BRDA:490,112,0,8
BRDA:490,112,1,0
BRDA:496,113,0,4
BRDA:496,113,1,14
BRDA:497,114,0,6
BRDA:497,114,1,8
BRDA:498,115,0,2
BRDA:498,115,1,4
BRDA:498,116,0,6
BRDA:498,116,1,3
BRDA:503,117,0,2
BRDA:503,117,1,6
BRDA:503,118,0,8
BRDA:503,118,1,8
BRDA:507,119,0,0
BRDA:507,119,1,6
BRDA:514,120,0,0
BRDA:514,120,1,0
BRDA:518,121,0,0
BRDA:518,121,1,0
BRDA:518,122,0,0
BRDA:518,122,1,0
BRDA:518,122,2,0
BRDA:524,123,0,0
BRDA:524,123,1,0
BRDA:524,124,0,0
BRDA:524,124,1,0
BRDA:525,125,0,0
BRDA:525,125,1,0
BRDA:542,126,0,0
BRDA:542,126,1,0
BRDA:544,127,0,0
BRDA:544,127,1,0
BRDA:546,128,0,0
BRDA:546,128,1,0
BRDA:548,129,0,0
BRDA:548,129,1,0
BRDA:550,130,0,0
BRDA:550,130,1,0
BRDA:553,131,0,0
BRDA:553,131,1,0
BRDA:570,132,0,0
BRDA:570,132,1,3
BRDA:575,133,0,1
BRDA:575,133,1,2
BRDA:578,134,0,0
BRDA:578,134,1,2
BRDA:587,135,0,0
BRDA:587,135,1,0
BRDA:588,136,0,0
BRDA:588,136,1,0
BRDA:589,137,0,0
BRDA:589,137,1,0
BRDA:593,138,0,0
BRDA:593,138,1,0
BRDA:593,139,0,0
BRDA:593,139,1,0
BRDA:600,140,0,0
BRDA:600,140,1,0
BRDA:600,141,0,0
BRDA:600,141,1,0
BRDA:607,142,0,7
BRDA:607,142,1,4
BRDA:607,143,0,11
BRDA:607,143,1,4
BRDA:609,144,0,4
BRDA:609,144,1,0
BRDA:616,145,0,0
BRDA:616,145,1,0
BRDA:622,146,0,0
BRDA:622,146,1,0
BRDA:633,147,0,0
BRDA:633,147,1,0
BRDA:634,148,0,0
BRDA:634,148,1,0
BRDA:635,149,0,0
BRDA:635,149,1,0
BRDA:644,150,0,0
BRDA:644,150,1,0
BRDA:650,151,0,0
BRDA:650,151,1,0
BRDA:658,152,0,0
BRDA:658,152,1,1
BRDA:658,153,0,1
BRDA:658,153,1,1
BRDA:663,154,0,0
BRDA:663,154,1,1
BRDA:663,155,0,1
BRDA:663,155,1,0
BRDA:663,155,2,0
BRDA:663,155,3,0
BRDA:676,156,0,0
BRDA:676,156,1,1
BRDA:682,157,0,0
BRDA:682,157,1,0
BRDA:686,158,0,0
BRDA:686,158,1,0
BRDA:687,159,0,0
BRDA:687,159,1,0
BRDA:691,160,0,0
BRDA:691,160,1,0
BRDA:716,161,0,0
BRDA:716,161,1,1
BRDA:729,162,0,0
BRDA:729,162,1,0
BRDA:735,163,0,0
BRDA:735,163,1,0
BRDA:761,164,0,0
BRDA:761,164,1,0
BRDA:762,165,0,0
BRDA:762,165,1,0
BRDA:777,166,0,0
BRDA:777,166,1,0
BRDA:781,167,0,0
BRDA:781,167,1,0
BRDA:787,168,0,0
BRDA:787,168,1,0
BRDA:808,169,0,11
BRDA:808,169,1,1
BRDA:808,170,0,12
BRDA:808,170,1,1
BRDA:809,171,0,1
BRDA:809,171,1,0
BRDA:814,172,0,0
BRDA:814,172,1,0
BRDA:814,173,0,0
BRDA:814,173,1,0
BRDA:820,174,0,13
BRDA:820,174,1,2
BRDA:820,175,0,15
BRDA:820,175,1,10
BRDA:820,175,2,7
BRDA:822,176,0,2
BRDA:822,176,1,0
BRDA:822,177,0,2
BRDA:822,177,1,1
BRDA:823,178,0,0
BRDA:823,178,1,0
BRDA:828,179,0,0
BRDA:828,179,1,0
BRDA:829,180,0,0
BRDA:829,180,1,0
BRDA:834,181,0,0
BRDA:834,181,1,0
BRDA:834,182,0,0
BRDA:834,182,1,0
BRDA:839,183,0,0
BRDA:839,183,1,0
BRDA:857,184,0,5
BRDA:857,184,1,12
BRDA:858,185,0,10
BRDA:858,185,1,2
BRDA:858,186,0,12
BRDA:858,186,1,3
BRDA:863,187,0,0
BRDA:863,187,1,2
BRDA:865,188,0,1
BRDA:865,188,1,1
BRDA:870,189,0,0
BRDA:870,189,1,0
BRDA:882,190,0,0
BRDA:882,190,1,1
BRDA:882,191,0,1
BRDA:882,191,1,1
BRDA:894,192,0,0
BRDA:894,192,1,0
BRDA:898,193,0,0
BRDA:898,193,1,0
BRDA:907,194,0,0
BRDA:907,194,1,0
BRDA:916,195,0,0
BRDA:916,195,1,0
BRDA:916,196,0,0
BRDA:916,196,1,0
BRDA:928,197,0,0
BRDA:928,197,1,0
BRDA:932,198,0,0
BRDA:932,198,1,0
BRDA:938,199,0,0
BRDA:938,199,1,0
BRDA:946,200,0,36
BRDA:946,200,1,0
BRDA:946,200,2,0
BRDA:946,200,3,0
BRDA:953,201,0,36
BRDA:953,201,1,0
BRDA:953,202,0,36
BRDA:953,202,1,36
BRDA:954,203,0,0
BRDA:954,203,1,0
BRDA:954,204,0,0
BRDA:954,204,1,0
BRDA:957,205,0,0
BRDA:957,205,1,0
BRDA:957,206,0,0
BRDA:957,206,1,0
BRDA:960,207,0,0
BRDA:960,207,1,0
BRDA:967,208,0,16
BRDA:967,208,1,20
BRDA:969,209,0,0
BRDA:969,209,1,20
BRDA:973,210,0,16
BRDA:973,210,1,20
BRDA:975,211,0,0
BRDA:975,211,1,20
BRDA:980,212,0,6
BRDA:980,212,1,30
BRDA:982,213,0,0
BRDA:982,213,1,30
BRDA:987,214,0,0
BRDA:987,214,1,36
BRDA:989,215,0,36
BRDA:989,215,1,16
BRDA:989,215,2,6
BRDA:991,216,0,36
BRDA:991,216,1,4
BRDA:991,216,2,4
BRDA:991,216,3,4
BRDA:993,217,0,36
BRDA:993,217,1,16
BRDA:993,217,2,16
BRDA:993,217,3,10
BRDA:995,218,0,19
BRDA:995,218,1,17
BRDA:997,219,0,1
BRDA:997,219,1,16
BRDA:1000,220,0,19
BRDA:1000,220,1,17
BRDA:1002,221,0,1
BRDA:1002,221,1,16
BRDA:1004,222,0,10
BRDA:1004,222,1,6
BRDA:1021,223,0,36
BRDA:1021,223,1,17
BRDA:1029,224,0,36
BRDA:1029,224,1,16
BRDA:1036,225,0,36
BRDA:1036,225,1,2
BRDA:1067,226,0,23
BRDA:1067,226,1,13
BRDA:1068,227,0,0
BRDA:1068,227,1,0
BRDA:1082,228,0,36
BRDA:1082,228,1,13
BRDA:1082,228,2,11
BRDA:1087,229,0,36
BRDA:1087,229,1,17
BRDA:1093,230,0,17
BRDA:1093,230,1,17
BRDA:1093,230,2,14
BRDA:1111,231,0,17
BRDA:1111,231,1,15
BRDA:1111,231,2,14
BRDA:1115,232,0,17
BRDA:1115,232,1,1
BRDA:1119,233,0,1
BRDA:1119,233,1,16
BRDA:1129,234,0,17
BRDA:1129,234,1,14
BRDA:1137,235,0,36
BRDA:1137,235,1,23
BRDA:1148,236,0,36
BRDA:1148,236,1,13
BRDA:1150,237,0,13
BRDA:1150,237,1,2
BRDA:1158,238,0,13
BRDA:1158,238,1,2
BRDA:1158,238,2,0
BRDA:1165,239,0,0
BRDA:1165,239,1,0
BRDA:1177,240,0,13
BRDA:1177,240,1,11
BRDA:1201,241,0,36
BRDA:1201,241,1,23
BRDA:1203,242,0,23
BRDA:1203,242,1,0
BRDA:1221,243,0,6
BRDA:1221,243,1,17
BRDA:1231,244,0,23
BRDA:1231,244,1,0
BRDA:1250,245,0,6
BRDA:1250,245,1,17
BRDA:1264,246,0,39
BRDA:1264,246,1,30
BRDA:1266,247,0,17
BRDA:1266,247,1,13
BRDA:1268,248,0,13
BRDA:1268,248,1,0
BRDA:1276,249,0,69
BRDA:1276,249,1,17
BRDA:1277,250,0,69
BRDA:1277,250,1,39
BRDA:1277,250,2,39
BRDA:1278,251,0,69
BRDA:1278,251,1,13
BRDA:1282,252,0,39
BRDA:1282,252,1,30
BRDA:1290,253,0,69
BRDA:1290,253,1,39
BRDA:1291,254,0,69
BRDA:1291,254,1,17
BRDA:1292,255,0,69
BRDA:1292,255,1,13
BRDA:1325,256,0,23
BRDA:1325,256,1,23
BRDA:1326,257,0,23
BRDA:1326,257,1,23
BRDA:1391,258,0,23
BRDA:1391,258,1,19
BRDA:1396,259,0,23
BRDA:1396,259,1,6
BRF:548
BRH:316
end_of_record
TN:
SF:src/main.tsx
FN:8,(anonymous_0)
FNF:1
FNH:0
FNDA:0,(anonymous_0)
DA:6,0
DA:8,0
DA:9,0
LF:3
LH:0
BRF:0
BRH:0
end_of_record
TN:
SF:src/api/client.ts
FN:137,buildAuthHeaders
FN:148,buildRequestHeaders
FN:163,requestJson
FN:204,(anonymous_3)
FN:216,(anonymous_4)
FN:241,createJob
FN:249,validateCredentials
FN:260,listJobs
FN:264,getJob
FN:268,acceptReview
FN:280,listArtifacts
FN:284,fetchArtifact
FN:291,downloadArtifactsZip
FN:305,deleteJob
FNF:14
FNH:6
FNDA:8,buildAuthHeaders
FNDA:6,buildRequestHeaders
FNDA:6,requestJson
FNDA:0,(anonymous_3)
FNDA:1,(anonymous_4)
FNDA:1,createJob
FNDA:0,validateCredentials
FNDA:5,listJobs
FNDA:0,getJob
FNDA:0,acceptReview
FNDA:0,listArtifacts
FNDA:0,fetchArtifact
FNDA:0,downloadArtifactsZip
FNDA:0,deleteJob
DA:118,9
DA:119,9
DA:121,9
DA:125,9
DA:129,9
DA:138,8
DA:139,8
DA:140,8
DA:141,8
DA:142,1
DA:144,7
DA:145,7
DA:153,6
DA:156,6
DA:157,6
DA:159,6
DA:160,6
DA:181,6
DA:184,6
DA:189,6
DA:191,6
DA:192,7
DA:194,7
DA:195,7
DA:202,0
DA:203,0
DA:204,0
DA:205,0
DA:207,0
DA:210,7
DA:211,4
DA:214,3
DA:215,1
DA:216,1
DA:217,1
DA:220,2
DA:221,2
DA:222,2
DA:223,7
DA:224,2
DA:225,2
DA:226,2
DA:227,2
DA:230,0
DA:234,2
DA:235,7
DA:236,7
DA:237,7
DA:242,1
DA:253,0
DA:261,5
DA:265,0
DA:273,0
DA:281,0
DA:285,0
DA:292,0
DA:293,0
DA:296,0
DA:297,0
DA:298,0
DA:299,0
DA:300,0
DA:302,0
DA:306,0
LF:64
LH:44
BRDA:118,0,0,9
BRDA:118,0,1,9
BRDA:122,1,0,9
BRDA:122,1,1,8
BRDA:126,2,0,9
BRDA:126,2,1,8
BRDA:137,3,0,8
BRDA:139,4,0,0
BRDA:139,4,1,8
BRDA:140,5,0,8
BRDA:140,5,1,1
BRDA:141,6,0,1
BRDA:141,6,1,7
BRDA:150,7,0,6
BRDA:151,8,0,6
BRDA:156,9,0,6
BRDA:156,9,1,0
BRDA:165,10,0,6
BRDA:166,11,0,6
BRDA:170,12,0,6
BRDA:184,13,0,0
BRDA:184,13,1,6
BRDA:186,14,0,5
BRDA:186,14,1,1
BRDA:187,15,0,5
BRDA:187,15,1,0
BRDA:199,16,0,1
BRDA:199,16,1,6
BRDA:202,17,0,0
BRDA:202,17,1,0
BRDA:210,18,0,4
BRDA:210,18,1,3
BRDA:214,19,0,1
BRDA:214,19,1,2
BRDA:214,20,0,3
BRDA:214,20,1,3
BRDA:222,21,0,2
BRDA:222,21,1,0
BRDA:223,22,0,2
BRDA:223,22,1,5
BRDA:226,23,0,2
BRDA:226,23,1,0
BRDA:234,24,0,2
BRDA:234,24,1,0
BRDA:296,25,0,0
BRDA:296,25,1,0
BRDA:298,26,0,0
BRDA:298,26,1,0
BRF:48
BRH:35
end_of_record
TN:
SF:src/components/import-results.tsx
FN:13,ImportResults
FN:69,ResultRow
FNF:2
FNH:2
FNDA:7,ImportResults
FNDA:28,ResultRow
DA:19,7
DA:20,7
DA:22,7
DA:28,7
DA:33,7
DA:80,28
LF:6
LH:6
BRDA:22,0,0,1
BRDA:22,0,1,6
BRDA:28,1,0,1
BRDA:28,1,1,6
BRF:4
BRH:4
end_of_record
TN:
SF:src/components/theme-toggle.tsx
FN:9,getStoredThemePreference
FN:19,getSystemPrefersDarkMode
FN:29,resolveThemeSelection
FN:36,ThemeToggle
FN:37,(anonymous_4)
FN:40,(anonymous_5)
FN:48,(anonymous_6)
FN:56,(anonymous_7)
FN:59,(anonymous_8)
FN:69,(anonymous_9)
FN:79,(anonymous_10)
FN:96,(anonymous_11)
FNF:12
FNH:12
FNDA:30,getStoredThemePreference
FNDA:28,getSystemPrefersDarkMode
FNDA:31,resolveThemeSelection
FNDA:42,ThemeToggle
FNDA:15,(anonymous_4)
FNDA:15,(anonymous_5)
FNDA:16,(anonymous_6)
FNDA:16,(anonymous_7)
FNDA:1,(anonymous_8)
FNDA:5,(anonymous_9)
FNDA:1,(anonymous_10)
FNDA:1,(anonymous_11)
DA:5,4
DA:7,4
DA:10,30
DA:11,30
DA:12,30
DA:13,30
DA:15,0
DA:20,28
DA:21,6
DA:23,22
DA:24,0
DA:26,22
DA:30,31
DA:31,30
DA:32,28
DA:37,42
DA:38,15
DA:40,42
DA:41,15
DA:42,15
DA:43,15
DA:44,15
DA:45,15
DA:48,42
DA:49,16
DA:50,16
DA:51,16
DA:52,16
DA:53,16
DA:56,42
DA:57,16
DA:58,5
DA:59,5
DA:60,1
DA:61,1
DA:62,1
DA:64,5
DA:65,5
DA:66,0
DA:67,0
DA:69,5
DA:70,5
DA:71,5
DA:72,0
DA:73,0
DA:79,42
DA:80,1
DA:81,1
DA:82,1
DA:88,42
DA:96,1
LF:51
LH:45
BRDA:10,0,0,0
BRDA:10,0,1,30
BRDA:13,1,0,2
BRDA:13,1,1,28
BRDA:13,2,0,30
BRDA:13,2,1,30
BRDA:20,3,0,6
BRDA:20,3,1,22
BRDA:20,4,0,28
BRDA:20,4,1,28
BRDA:23,5,0,0
BRDA:23,5,1,22
BRDA:30,6,0,1
BRDA:30,6,1,30
BRDA:31,7,0,2
BRDA:31,7,1,28
BRDA:41,8,0,0
BRDA:41,8,1,15
BRDA:49,9,0,0
BRDA:49,9,1,16
BRDA:57,10,0,11
BRDA:57,10,1,5
BRDA:57,11,0,16
BRDA:57,11,1,16
BRDA:60,12,0,0
BRDA:60,12,1,1
BRDA:64,13,0,5
BRDA:64,13,1,0
BRDA:66,14,0,0
BRDA:66,14,1,0
BRDA:70,15,0,5
BRDA:70,15,1,0
BRDA:72,16,0,0
BRDA:72,16,1,0
BRDA:80,17,0,1
BRDA:80,17,1,0
BRDA:82,18,0,1
BRDA:82,18,1,0
BRDA:95,19,0,3
BRDA:95,19,1,39
BRDA:101,20,0,42
BRDA:101,20,1,3
BRDA:108,21,0,3
BRDA:108,21,1,39
BRF:44
BRH:31
end_of_record
TN:
SF:src/components/app/AppFooter.tsx
FN:5,AppFooter
FN:33,(anonymous_1)
FN:40,(anonymous_2)
FN:75,StaticHeader
FN:82,(anonymous_4)
FNF:5
FNH:1
FNDA:32,AppFooter
FNDA:0,(anonymous_1)
FNDA:0,(anonymous_2)
FNDA:0,StaticHeader
FNDA:0,(anonymous_4)
DA:6,32
DA:33,0
DA:40,0
DA:76,0
DA:82,0
LF:5
LH:1
BRF:0
BRH:0
end_of_record
TN:
SF:src/components/app/ConnectSection.tsx
FN:22,ConnectSection
FN:141,(anonymous_1)
FN:158,(anonymous_2)
FN:180,(anonymous_3)
FN:197,(anonymous_4)
FN:219,(anonymous_5)
FN:239,(anonymous_6)
FN:258,(anonymous_7)
FN:278,(anonymous_8)
FN:297,(anonymous_9)
FN:323,(anonymous_10)
FNF:11
FNH:1
FNDA:24,ConnectSection
FNDA:0,(anonymous_1)
FNDA:0,(anonymous_2)
FNDA:0,(anonymous_3)
FNDA:0,(anonymous_4)
FNDA:0,(anonymous_5)
FNDA:0,(anonymous_6)
FNDA:0,(anonymous_7)
FNDA:0,(anonymous_8)
FNDA:0,(anonymous_9)
FNDA:0,(anonymous_10)
DA:77,24
DA:141,0
DA:158,0
DA:180,0
DA:197,0
DA:219,0
DA:240,0
DA:258,0
DA:279,0
DA:298,0
DA:299,0
DA:324,0
DA:325,0
DA:326,0
LF:14
LH:1
BRDA:82,0,0,24
BRDA:82,0,1,0
BRDA:89,1,0,24
BRDA:89,1,1,0
BRDA:103,2,0,16
BRDA:103,2,1,8
BRDA:104,3,0,24
BRDA:104,3,1,0
BRDA:106,4,0,16
BRDA:106,4,1,8
BRDA:106,5,0,8
BRDA:106,5,1,0
BRDA:220,6,0,24
BRDA:220,6,1,0
BRDA:240,7,0,0
BRDA:240,7,1,0
BRDA:259,8,0,24
BRDA:259,8,1,0
BRDA:279,9,0,0
BRDA:279,9,1,0
BRDA:301,10,0,24
BRDA:301,10,1,13
BRDA:301,10,2,13
BRDA:307,11,0,24
BRDA:307,11,1,0
BRDA:325,12,0,0
BRDA:325,12,1,0
BRDA:325,13,0,0
BRDA:325,13,1,0
BRDA:338,14,0,24
BRDA:338,14,1,0
BRDA:352,15,0,24
BRDA:352,15,1,13
BRDA:352,15,2,0
BRDA:352,15,3,0
BRF:35
BRH:17
end_of_record
TN:
SF:src/components/app/ImportSection.tsx
FN:27,ImportSection
FNF:1
FNH:1
FNDA:22,ImportSection
DA:87,22
LF:1
LH:1
BRDA:92,0,0,22
BRDA:92,0,1,13
BRDA:99,1,0,22
BRDA:99,1,1,13
BRDA:115,2,0,5
BRDA:115,2,1,17
BRDA:115,3,0,0
BRDA:115,3,1,17
BRDA:115,4,0,10
BRDA:115,4,1,7
BRDA:117,5,0,22
BRDA:117,5,1,13
BRDA:119,6,0,5
BRDA:119,6,1,17
BRDA:121,7,0,0
BRDA:121,7,1,17
BRDA:123,8,0,10
BRDA:123,8,1,7
BRDA:134,9,0,22
BRDA:134,9,1,5
BRDA:141,10,0,5
BRDA:141,10,1,0
BRDA:143,11,0,0
BRDA:143,11,1,0
BRDA:151,12,0,5
BRDA:151,12,1,0
BRDA:153,13,0,0
BRDA:153,13,1,0
BRDA:161,14,0,0
BRDA:161,14,1,5
BRDA:168,15,0,5
BRDA:168,15,1,0
BRDA:170,16,0,0
BRDA:170,16,1,0
BRDA:175,17,0,5
BRDA:175,17,1,0
BRDA:177,18,0,0
BRDA:177,18,1,0
BRDA:183,19,0,5
BRDA:183,19,1,0
BRDA:186,20,0,0
BRDA:186,20,1,0
BRDA:189,21,0,0
BRDA:189,21,1,0
BRDA:196,22,0,22
BRDA:196,22,1,5
BRDA:196,22,2,5
BRDA:207,23,0,22
BRDA:207,23,1,5
BRDA:227,24,0,5
BRDA:227,24,1,5
BRDA:231,25,0,5
BRDA:231,25,1,1
BRDA:234,26,0,1
BRDA:234,26,1,4
BRDA:243,27,0,5
BRDA:243,27,1,5
BRDA:261,28,0,5
BRDA:261,28,1,5
BRDA:271,29,0,22
BRDA:271,29,1,4
BRDA:276,30,0,4
BRDA:276,30,1,3
BRDA:287,31,0,22
BRDA:287,31,1,0
BRDA:287,31,2,0
BRF:66
BRH:44
end_of_record
TN:
SF:src/components/app/ReviewSection.tsx
FN:35,ReviewSection
FN:95,(anonymous_1)
FN:237,(anonymous_2)
FN:292,(anonymous_3)
FN:347,(anonymous_4)
FNF:5
FNH:3
FNDA:22,ReviewSection
FNDA:7,(anonymous_1)
FNDA:1,(anonymous_2)
FNDA:0,(anonymous_3)
FNDA:0,(anonymous_4)
DA:92,22
DA:93,22
DA:95,22
DA:96,7
DA:99,22
DA:238,1
DA:292,0
DA:347,0
LF:8
LH:6
BRDA:96,0,0,7
BRDA:96,0,1,0
BRDA:104,1,0,22
BRDA:104,1,1,6
BRDA:111,2,0,22
BRDA:111,2,1,6
BRDA:127,3,0,15
BRDA:127,3,1,7
BRDA:127,4,0,0
BRDA:127,4,1,7
BRDA:128,5,0,22
BRDA:128,5,1,6
BRDA:130,6,0,5
BRDA:130,6,1,17
BRDA:132,7,0,10
BRDA:132,7,1,7
BRDA:134,8,0,0
BRDA:134,8,1,7
BRDA:142,9,0,22
BRDA:142,9,1,15
BRDA:148,10,0,15
BRDA:148,10,1,0
BRDA:150,11,0,0
BRDA:150,11,1,0
BRDA:158,12,0,15
BRDA:158,12,1,0
BRDA:160,13,0,0
BRDA:160,13,1,0
BRDA:168,14,0,0
BRDA:168,14,1,15
BRDA:175,15,0,15
BRDA:175,15,1,0
BRDA:177,16,0,0
BRDA:177,16,1,0
BRDA:182,17,0,15
BRDA:182,17,1,0
BRDA:184,18,0,0
BRDA:184,18,1,0
BRDA:196,19,0,22
BRDA:196,19,1,15
BRDA:196,19,2,15
BRDA:211,20,0,0
BRDA:211,20,1,15
BRDA:213,21,0,0
BRDA:213,21,1,15
BRDA:224,22,0,22
BRDA:224,22,1,15
BRDA:242,23,0,1
BRDA:242,23,1,1
BRDA:243,24,0,1
BRDA:243,24,1,0
BRDA:248,25,0,1
BRDA:248,25,1,0
BRDA:251,26,0,1
BRDA:251,26,1,0
BRDA:256,27,0,1
BRDA:256,27,1,0
BRDA:264,28,0,1
BRDA:264,28,1,0
BRDA:273,29,0,1
BRDA:273,29,1,0
BRDA:277,30,0,1
BRDA:277,30,1,0
BRDA:287,31,0,22
BRDA:287,31,1,15
BRDA:287,31,2,0
BRDA:287,31,3,0
BRDA:298,32,0,22
BRDA:298,32,1,15
BRDA:298,32,2,0
BRDA:298,32,3,0
BRDA:301,33,0,22
BRDA:301,33,1,9
BRDA:312,34,0,22
BRDA:312,34,1,0
BRDA:312,34,2,0
BRDA:327,35,0,22
BRDA:327,35,1,4
BRDA:327,35,2,4
BRDA:327,35,3,4
BRDA:359,36,0,22
BRDA:359,36,1,7
BRF:82
BRH:51
end_of_record
TN:
SF:src/components/app/StepStatus.tsx
FN:7,StepStatus
FNF:1
FNH:0
FNDA:0,StepStatus
DA:16,0
DA:17,0
DA:18,0
DA:23,0
LF:4
LH:0
BRDA:16,0,0,0
BRDA:16,0,1,0
BRDA:16,1,0,0
BRDA:16,1,1,0
BRDA:17,2,0,0
BRDA:17,2,1,0
BRDA:17,3,0,0
BRDA:17,3,1,0
BRDA:18,4,0,0
BRDA:18,4,1,0
BRDA:20,5,0,0
BRDA:20,5,1,0
BRDA:27,6,0,0
BRDA:27,6,1,0
BRDA:29,7,0,0
BRDA:29,7,1,0
BRDA:34,8,0,0
BRDA:34,8,1,0
BRDA:37,9,0,0
BRDA:37,9,1,0
BRDA:40,10,0,0
BRDA:40,10,1,0
BRDA:40,10,2,0
BRDA:42,11,0,0
BRDA:42,11,1,0
BRDA:46,12,0,0
BRDA:46,12,1,0
BRF:27
BRH:0
end_of_record
TN:
SF:src/components/app/auth/FirebaseAuthCard.tsx
FN:7,FirebaseAuthCard
FNF:1
FNH:1
FNDA:8,FirebaseAuthCard
DA:40,8
DA:41,8
DA:42,8
LF:3
LH:3
BRDA:40,0,0,0
BRDA:40,0,1,8
BRDA:41,1,0,0
BRDA:41,1,1,8
BRDA:51,2,0,8
BRDA:51,2,1,0
BRDA:57,3,0,8
BRDA:57,3,1,0
BRDA:57,3,2,0
BRDA:62,4,0,8
BRDA:62,4,1,0
BRDA:68,5,0,0
BRDA:68,5,1,8
BRDA:85,6,0,8
BRDA:85,6,1,0
BRF:15
BRH:7
end_of_record
TN:
SF:src/components/app/auth/FirebaseEmailLinkForm.tsx
FN:4,FirebaseEmailLinkForm
FN:30,(anonymous_1)
FN:57,(anonymous_2)
FN:58,(anonymous_3)
FNF:4
FNH:4
FNDA:10,FirebaseEmailLinkForm
FNDA:4,(anonymous_1)
FNDA:20,(anonymous_2)
FNDA:18,(anonymous_3)
DA:29,10
DA:30,10
DA:31,4
DA:32,4
DA:35,10
DA:57,20
DA:59,18
DA:60,1
DA:61,1
LF:9
LH:9
BRDA:31,0,0,0
BRDA:31,0,1,4
BRDA:59,1,0,17
BRDA:59,1,1,1
BRDA:73,2,0,10
BRDA:73,2,1,2
BRDA:74,3,0,10
BRDA:74,3,1,0
BRF:8
BRH:6
end_of_record
TN:
SF:src/components/app/auth/FirebaseProviderButtons.tsx
FN:21,FirebaseProviderButtons
FN:38,(anonymous_1)
FN:49,(anonymous_2)
FN:61,(anonymous_3)
FNF:4
FNH:2
FNDA:8,FirebaseProviderButtons
FNDA:40,(anonymous_1)
FNDA:0,(anonymous_2)
FNDA:0,(anonymous_3)
DA:5,3
DA:38,8
DA:39,40
DA:40,32
DA:43,8
DA:45,0
DA:50,0
DA:51,0
DA:54,0
DA:61,0
LF:10
LH:5
BRDA:26,0,0,8
BRDA:39,1,0,8
BRDA:39,1,1,32
BRDA:43,2,0,8
BRDA:43,2,1,0
BRDA:47,3,0,0
BRDA:47,3,1,0
BRDA:51,4,0,0
BRDA:51,4,1,0
BRF:9
BRH:4
end_of_record
TN:
SF:src/components/app/auth/GuestUpgradeCard.tsx
FN:7,GuestUpgradeCard
FN:33,(anonymous_1)
FN:34,(anonymous_2)
FN:52,(anonymous_3)
FN:56,(anonymous_4)
FN:82,(anonymous_5)
FN:83,(anonymous_6)
FNF:7
FNH:0
FNDA:0,GuestUpgradeCard
FNDA:0,(anonymous_1)
FNDA:0,(anonymous_2)
FNDA:0,(anonymous_3)
FNDA:0,(anonymous_4)
FNDA:0,(anonymous_5)
FNDA:0,(anonymous_6)
DA:26,0
DA:27,0
DA:28,0
DA:33,0
DA:34,0
DA:35,0
DA:36,0
DA:39,0
DA:53,0
DA:56,0
DA:82,0
DA:84,0
DA:85,0
DA:86,0
LF:14
LH:0
BRDA:26,0,0,0
BRDA:26,0,1,0
BRDA:27,1,0,0
BRDA:27,1,1,0
BRDA:35,2,0,0
BRDA:35,2,1,0
BRDA:60,3,0,0
BRDA:60,3,1,0
BRDA:60,4,0,0
BRDA:60,4,1,0
BRDA:60,5,0,0
BRDA:60,5,1,0
BRDA:84,6,0,0
BRDA:84,6,1,0
BRF:14
BRH:0
end_of_record
TN:
SF:src/components/app/auth/shared.tsx
FN:11,(anonymous_0)
FN:86,(anonymous_1)
FNF:2
FNH:0
FNDA:0,(anonymous_0)
FNDA:0,(anonymous_1)
DA:11,3
DA:12,0
DA:14,0
DA:37,0
DA:48,0
DA:59,0
DA:70,0
DA:76,0
DA:82,0
DA:86,3
DA:87,0
LF:11
LH:2
BRDA:12,0,0,0
BRDA:12,0,1,0
BRDA:12,0,2,0
BRDA:12,0,3,0
BRDA:12,0,4,0
BRDA:12,0,5,0
BRDA:12,0,6,0
BRF:7
BRH:0
end_of_record
TN:
SF:src/components/ui/accordion.tsx
FN:12,(anonymous_0)
FN:24,(anonymous_1)
FN:44,(anonymous_2)
FNF:3
FNH:3
FNDA:68,(anonymous_0)
FNDA:68,(anonymous_1)
FNDA:68,(anonymous_2)
DA:7,4
DA:9,4
DA:13,68
DA:19,4
DA:21,4
DA:25,68
DA:39,4
DA:41,4
DA:45,68
DA:56,4
LF:10
LH:10
BRF:0
BRH:0
end_of_record
TN:
SF:src/components/ui/alert-dialog.tsx
FN:13,(anonymous_0)
FN:29,(anonymous_1)
FN:46,(anonymous_2)
FN:54,(anonymous_3)
FN:71,(anonymous_4)
FN:83,(anonymous_5)
FN:95,(anonymous_6)
FN:107,(anonymous_7)
FNF:8
FNH:1
FNDA:0,(anonymous_0)
FNDA:28,(anonymous_1)
FNDA:0,(anonymous_2)
FNDA:0,(anonymous_3)
FNDA:0,(anonymous_4)
FNDA:0,(anonymous_5)
FNDA:0,(anonymous_6)
FNDA:0,(anonymous_7)
DA:7,3
DA:8,3
DA:9,3
DA:10,3
DA:14,0
DA:24,3
DA:26,3
DA:30,28
DA:44,3
DA:46,3
DA:50,0
DA:52,3
DA:54,3
DA:58,0
DA:66,3
DA:68,3
DA:72,0
DA:78,3
DA:80,3
DA:84,0
DA:90,3
DA:92,3
DA:96,0
DA:102,3
DA:104,3
DA:108,0
DA:114,3
LF:27
LH:20
BRF:0
BRH:0
end_of_record
TN:
SF:src/components/ui/alert.tsx
FN:25,(anonymous_0)
FN:38,(anonymous_1)
FN:50,(anonymous_2)
FNF:3
FNH:3
FNDA:22,(anonymous_0)
FNDA:22,(anonymous_1)
FNDA:22,(anonymous_2)
DA:6,4
DA:22,4
DA:26,22
DA:33,4
DA:35,4
DA:39,22
DA:45,4
DA:47,4
DA:51,22
DA:57,4
LF:10
LH:10
BRF:0
BRH:0
end_of_record
TN:
SF:src/components/ui/badge.tsx
FN:33,Badge
FNF:1
FNH:1
FNDA:115,Badge
DA:6,5
DA:34,115
LF:2
LH:2
BRF:0
BRH:0
end_of_record
TN:
SF:src/components/ui/button.tsx
FN:44,(anonymous_0)
FNF:1
FNH:1
FNDA:136,(anonymous_0)
DA:7,5
DA:43,5
DA:45,136
DA:46,136
DA:55,5
LF:5
LH:5
BRDA:44,0,0,136
BRDA:45,1,0,5
BRDA:45,1,1,131
BRF:3
BRH:3
end_of_record
TN:
SF:src/components/ui/calendar.tsx
FN:12,Calendar
FN:58,(anonymous_1)
FN:64,(anonymous_2)
FN:76,(anonymous_3)
FNF:4
FNH:0
FNDA:0,Calendar
FNDA:0,(anonymous_1)
FNDA:0,(anonymous_2)
FNDA:0,(anonymous_3)
DA:17,0
DA:59,0
DA:65,0
DA:77,0
DA:78,0
DA:80,0
DA:81,0
DA:88,4
LF:8
LH:1
BRDA:14,0,0,0
BRDA:77,1,0,0
BRDA:77,1,1,0
BRDA:77,2,0,0
BRDA:77,2,1,0
BRDA:80,3,0,0
BRDA:80,3,1,0
BRF:7
BRH:0
end_of_record
TN:
SF:src/components/ui/card.tsx
FN:8,(anonymous_0)
FN:23,(anonymous_1)
FN:35,(anonymous_2)
FN:47,(anonymous_3)
FN:59,(anonymous_4)
FN:67,(anonymous_5)
FNF:6
FNH:5
FNDA:59,(anonymous_0)
FNDA:15,(anonymous_1)
FNDA:15,(anonymous_2)
FNDA:8,(anonymous_3)
FNDA:59,(anonymous_4)
FNDA:0,(anonymous_5)
DA:5,4
DA:9,59
DA:18,4
DA:20,4
DA:24,15
DA:30,4
DA:32,4
DA:36,15
DA:42,4
DA:44,4
DA:48,8
DA:54,4
DA:56,4
DA:60,59
DA:62,4
DA:64,4
DA:68,0
DA:74,4
LF:18
LH:17
BRF:0
BRH:0
end_of_record
TN:
SF:src/components/ui/input.tsx
FN:6,(anonymous_0)
FNF:1
FNH:1
FNDA:70,(anonymous_0)
DA:5,4
DA:7,70
DA:20,4
LF:3
LH:3
BRF:0
BRH:0
end_of_record
TN:
SF:src/components/ui/label.tsx
FN:15,(anonymous_0)
FNF:1
FNH:1
FNDA:60,(anonymous_0)
DA:7,4
DA:11,4
DA:16,60
DA:22,4
LF:4
LH:4
BRF:0
BRH:0
end_of_record
TN:
SF:src/components/ui/popover.tsx
FN:12,(anonymous_0)
FNF:1
FNH:1
FNDA:20,(anonymous_0)
DA:6,4
DA:7,4
DA:9,4
DA:13,20
DA:30,4
LF:5
LH:5
BRDA:12,0,0,20
BRDA:12,1,0,20
BRF:2
BRH:2
end_of_record
TN:
SF:src/components/ui/progress.tsx
FN:13,(anonymous_0)
FNF:1
FNH:1
FNDA:55,(anonymous_0)
DA:8,3
DA:14,55
DA:28,3
LF:3
LH:3
BRDA:24,0,0,55
BRDA:24,0,1,6
BRF:2
BRH:2
end_of_record
TN:
SF:src/components/ui/separator.tsx
FN:10,(anonymous_0)
FNF:1
FNH:0
FNDA:0,(anonymous_0)
DA:6,0
DA:14,0
DA:27,0
LF:3
LH:0
BRDA:11,0,0,0
BRDA:11,1,0,0
BRDA:20,2,0,0
BRDA:20,2,1,0
BRF:4
BRH:0
end_of_record
TN:
SF:src/components/ui/switch.tsx
FN:9,(anonymous_0)
FNF:1
FNH:0
FNDA:0,(anonymous_0)
DA:6,0
DA:10,0
DA:25,0
LF:3
LH:0
BRF:0
BRH:0
end_of_record
TN:
SF:src/components/ui/table.tsx
FN:8,(anonymous_0)
FN:22,(anonymous_1)
FN:37,(anonymous_2)
FN:49,(anonymous_3)
FN:64,(anonymous_4)
FN:79,(anonymous_5)
FN:91,(anonymous_6)
FNF:7
FNH:6
FNDA:6,(anonymous_0)
FNDA:6,(anonymous_1)
FNDA:6,(anonymous_2)
FNDA:7,(anonymous_3)
FNDA:24,(anonymous_4)
FNDA:4,(anonymous_5)
FNDA:0,(anonymous_6)
DA:5,3
DA:9,6
DA:17,3
DA:19,3
DA:23,6
DA:32,3
DA:34,3
DA:38,6
DA:44,3
DA:46,3
DA:50,7
DA:59,3
DA:61,3
DA:65,24
DA:74,3
DA:76,3
DA:80,4
DA:86,3
DA:88,3
DA:92,0
DA:98,3
LF:21
LH:20
BRF:0
BRH:0
end_of_record
TN:
SF:src/hooks/use-firebase-auth.ts
FN:15,(anonymous_0)
FN:15,(anonymous_1)
FN:17,(anonymous_2)
FN:24,(anonymous_3)
FN:41,useFirebaseAuth
FN:64,(anonymous_5)
FN:67,(anonymous_6)
FN:81,(anonymous_7)
FN:96,(anonymous_8)
FN:107,(anonymous_9)
FN:117,(anonymous_10)
FN:140,(anonymous_11)
FN:145,(anonymous_12)
FN:152,(anonymous_13)
FN:166,(anonymous_14)
FN:173,(anonymous_15)
FN:188,(anonymous_16)
FN:194,(anonymous_17)
FN:217,(anonymous_18)
FN:240,(anonymous_19)
FN:275,(anonymous_20)
FN:283,(anonymous_21)
FN:313,(anonymous_22)
FN:326,(anonymous_23)
FN:360,(anonymous_24)
FN:403,(anonymous_25)
FN:424,(anonymous_26)
FN:448,(anonymous_27)
FN:462,(anonymous_28)
FN:501,(anonymous_29)
FN:522,(anonymous_30)
FN:540,(anonymous_31)
FN:571,(anonymous_32)
FN:580,(anonymous_33)
FNF:34
FNH:11
FNDA:0,(anonymous_0)
FNDA:0,(anonymous_1)
FNDA:0,(anonymous_2)
FNDA:0,(anonymous_3)
FNDA:2,useFirebaseAuth
FNDA:1,(anonymous_5)
FNDA:1,(anonymous_6)
FNDA:1,(anonymous_7)
FNDA:1,(anonymous_8)
FNDA:1,(anonymous_9)
FNDA:1,(anonymous_10)
FNDA:1,(anonymous_11)
FNDA:1,(anonymous_12)
FNDA:0,(anonymous_13)
FNDA:1,(anonymous_14)
FNDA:0,(anonymous_15)
FNDA:0,(anonymous_16)
FNDA:0,(anonymous_17)
FNDA:0,(anonymous_18)
FNDA:0,(anonymous_19)
FNDA:0,(anonymous_20)
FNDA:0,(anonymous_21)
FNDA:2,(anonymous_22)
FNDA:0,(anonymous_23)
FNDA:0,(anonymous_24)
FNDA:0,(anonymous_25)
FNDA:0,(anonymous_26)
FNDA:0,(anonymous_27)
FNDA:0,(anonymous_28)
FNDA:0,(anonymous_29)
FNDA:0,(anonymous_30)
FNDA:0,(anonymous_31)
FNDA:0,(anonymous_32)
FNDA:0,(anonymous_33)
DA:10,1
DA:11,1
DA:15,1
DA:17,1
DA:18,0
DA:19,0
DA:21,0
DA:24,1
DA:26,0
DA:27,0
DA:28,0
DA:29,0
DA:31,0
DA:32,0
DA:35,0
DA:36,0
DA:38,0
DA:64,2
DA:65,1
DA:67,2
DA:68,1
DA:70,2
DA:71,2
DA:72,2
DA:73,2
DA:74,2
DA:75,2
DA:76,2
DA:77,2
DA:78,2
DA:79,2
DA:80,2
DA:81,1
DA:92,2
DA:93,2
DA:94,2
DA:95,2
DA:96,2
DA:97,1
DA:98,1
DA:99,1
DA:100,1
DA:107,2
DA:108,1
DA:109,1
DA:110,0
DA:111,0
DA:112,0
DA:114,1
DA:116,1
DA:117,1
DA:118,1
DA:119,1
DA:120,1
DA:121,1
DA:122,1
DA:123,1
DA:125,0
DA:126,0
DA:128,0
DA:130,0
DA:131,0
DA:134,1
DA:135,1
DA:140,1
DA:141,1
DA:145,2
DA:146,1
DA:152,2
DA:153,0
DA:154,0
DA:155,0
DA:158,0
DA:160,0
DA:161,0
DA:163,0
DA:166,2
DA:167,1
DA:168,1
DA:169,1
DA:171,0
DA:172,0
DA:173,0
DA:174,0
DA:175,0
DA:176,0
DA:177,0
DA:178,0
DA:179,0
DA:181,0
DA:182,0
DA:183,0
DA:184,0
DA:188,0
DA:189,0
DA:193,2
DA:195,0
DA:197,0
DA:198,0
DA:201,0
DA:211,0
DA:212,0
DA:214,0
DA:216,0
DA:218,0
DA:219,0
DA:220,0
DA:221,0
DA:222,0
DA:224,0
DA:227,0
DA:228,0
DA:231,0
DA:232,0
DA:233,0
DA:234,0
DA:237,0
DA:241,0
DA:244,0
DA:245,0
DA:246,0
DA:247,0
DA:248,0
DA:249,0
DA:251,0
DA:256,0
DA:257,0
DA:258,0
DA:259,0
DA:260,0
DA:261,0
DA:262,0
DA:263,0
DA:265,0
DA:275,2
DA:276,0
DA:277,0
DA:278,0
DA:279,0
DA:282,2
DA:284,0
DA:285,0
DA:286,0
DA:292,0
DA:293,0
DA:294,0
DA:295,0
DA:296,0
DA:300,0
DA:302,0
DA:304,0
DA:305,0
DA:307,0
DA:313,2
DA:314,2
DA:315,2
DA:316,1
DA:317,1
DA:318,1
DA:320,0
DA:322,1
DA:325,0
DA:326,0
DA:327,0
DA:328,0
DA:329,0
DA:332,0
DA:334,0
DA:342,0
DA:343,0
DA:344,0
DA:347,0
DA:348,0
DA:350,0
DA:352,0
DA:353,0
DA:357,0
DA:358,0
DA:359,0
DA:360,0
DA:361,0
DA:362,0
DA:363,0
DA:364,0
DA:365,0
DA:366,0
DA:368,0
DA:369,0
DA:370,0
DA:371,0
DA:375,0
DA:376,0
DA:377,0
DA:378,0
DA:380,0
DA:381,0
DA:382,0
DA:383,0
DA:384,0
DA:385,0
DA:386,0
DA:388,0
DA:392,0
DA:393,0
DA:394,0
DA:397,0
DA:398,0
DA:399,0
DA:403,0
DA:404,0
DA:405,0
DA:423,2
DA:425,0
DA:426,0
DA:427,0
DA:428,0
DA:429,0
DA:431,0
DA:432,0
DA:440,0
DA:441,0
DA:442,0
DA:443,0
DA:444,0
DA:446,0
DA:447,0
DA:448,0
DA:449,0
DA:452,0
DA:455,0
DA:456,0
DA:458,0
DA:460,0
DA:461,0
DA:462,0
DA:463,0
DA:466,0
DA:467,0
DA:468,0
DA:471,0
DA:473,0
DA:474,0
DA:476,0
DA:477,0
DA:479,0
DA:480,0
DA:481,0
DA:482,0
DA:486,0
DA:487,0
DA:489,0
DA:490,0
DA:492,0
DA:495,0
DA:496,0
DA:497,0
DA:498,0
DA:499,0
DA:500,0
DA:501,0
DA:502,0
DA:505,0
DA:508,0
DA:509,0
DA:510,0
DA:513,0
DA:515,0
DA:521,2
DA:525,0
DA:526,0
DA:527,0
DA:528,0
DA:529,0
DA:531,0
DA:532,0
DA:533,0
DA:535,0
DA:536,0
DA:537,0
DA:539,0
DA:541,0
DA:542,0
DA:544,0
DA:545,0
DA:548,0
DA:549,0
DA:550,0
DA:552,0
DA:553,0
DA:554,0
DA:556,0
DA:560,0
DA:562,0
DA:563,0
DA:565,0
DA:571,2
DA:572,0
DA:573,0
DA:574,0
DA:575,0
DA:577,0
DA:578,0
DA:579,0
DA:580,0
DA:581,0
DA:584,0
DA:587,0
DA:589,0
DA:592,2
LF:309
LH:67
BRDA:18,0,0,0
BRDA:18,0,1,0
BRDA:35,1,0,0
BRDA:35,1,1,0
BRDA:97,2,0,1
BRDA:97,2,1,0
BRDA:98,3,0,1
BRDA:98,3,1,0
BRDA:99,4,0,1
BRDA:99,4,1,0
BRDA:101,5,0,1
BRDA:101,5,1,0
BRDA:101,5,2,0
BRDA:101,5,3,0
BRDA:108,6,0,0
BRDA:108,6,1,1
BRDA:109,7,0,0
BRDA:109,7,1,1
BRDA:114,8,0,0
BRDA:114,8,1,1
BRDA:120,9,0,0
BRDA:120,9,1,1
BRDA:121,10,0,1
BRDA:121,10,1,0
BRDA:128,11,0,0
BRDA:128,11,1,0
BRDA:130,12,0,0
BRDA:130,12,1,0
BRDA:134,13,0,1
BRDA:134,13,1,0
BRDA:153,14,0,0
BRDA:153,14,1,0
BRDA:153,15,0,0
BRDA:153,15,1,0
BRDA:154,16,0,0
BRDA:154,16,1,0
BRDA:160,17,0,0
BRDA:160,17,1,0
BRDA:167,18,0,1
BRDA:167,18,1,0
BRDA:178,19,0,0
BRDA:178,19,1,0
BRDA:181,20,0,0
BRDA:181,20,1,0
BRDA:195,21,0,0
BRDA:195,21,1,0
BRDA:197,22,0,0
BRDA:197,22,1,0
BRDA:211,23,0,0
BRDA:211,23,1,0
BRDA:216,24,0,0
BRDA:216,24,1,0
BRDA:219,25,0,0
BRDA:219,25,1,0
BRDA:227,26,0,0
BRDA:227,26,1,0
BRDA:229,27,0,0
BRDA:229,27,1,0
BRDA:232,28,0,0
BRDA:232,28,1,0
BRDA:234,29,0,0
BRDA:234,29,1,0
BRDA:241,30,0,0
BRDA:241,30,1,0
BRDA:242,31,0,0
BRDA:242,31,1,0
BRDA:244,32,0,0
BRDA:244,32,1,0
BRDA:246,33,0,0
BRDA:246,33,1,0
BRDA:256,34,0,0
BRDA:256,34,1,0
BRDA:261,35,0,0
BRDA:261,35,1,0
BRDA:267,36,0,0
BRDA:267,36,1,0
BRDA:284,37,0,0
BRDA:284,37,1,0
BRDA:284,38,0,0
BRDA:284,38,1,0
BRDA:293,39,0,0
BRDA:293,39,1,0
BRDA:294,40,0,0
BRDA:294,40,1,0
BRDA:295,41,0,0
BRDA:295,41,1,0
BRDA:307,42,0,0
BRDA:307,42,1,0
BRDA:314,43,0,0
BRDA:314,43,1,2
BRDA:315,44,0,1
BRDA:315,44,1,1
BRDA:316,45,0,1
BRDA:316,45,1,0
BRDA:316,46,0,1
BRDA:316,46,1,0
BRDA:316,46,2,0
BRDA:317,47,0,1
BRDA:317,47,1,0
BRDA:334,48,0,0
BRDA:334,48,1,0
BRDA:340,49,0,0
BRDA:340,49,1,0
BRDA:343,50,0,0
BRDA:343,50,1,0
BRDA:343,51,0,0
BRDA:343,51,1,0
BRDA:344,52,0,0
BRDA:344,52,1,0
BRDA:352,53,0,0
BRDA:352,53,1,0
BRDA:361,54,0,0
BRDA:361,54,1,0
BRDA:362,55,0,0
BRDA:362,55,1,0
BRDA:368,56,0,0
BRDA:368,56,1,0
BRDA:368,57,0,0
BRDA:368,57,1,0
BRDA:385,58,0,0
BRDA:385,58,1,0
BRDA:388,59,0,0
BRDA:388,59,1,0
BRDA:393,60,0,0
BRDA:393,60,1,0
BRDA:393,61,0,0
BRDA:393,61,1,0
BRDA:397,62,0,0
BRDA:397,62,1,0
BRDA:399,63,0,0
BRDA:399,63,1,0
BRDA:425,64,0,0
BRDA:425,64,1,0
BRDA:427,65,0,0
BRDA:427,65,1,0
BRDA:441,66,0,0
BRDA:441,66,1,0
BRDA:442,67,0,0
BRDA:442,67,1,0
BRDA:446,68,0,0
BRDA:446,68,1,0
BRDA:447,69,0,0
BRDA:447,69,1,0
BRDA:455,70,0,0
BRDA:455,70,1,0
BRDA:460,71,0,0
BRDA:460,71,1,0
BRDA:461,72,0,0
BRDA:461,72,1,0
BRDA:466,73,0,0
BRDA:466,73,1,0
BRDA:471,74,0,0
BRDA:471,74,1,0
BRDA:471,74,2,0
BRDA:471,74,3,0
BRDA:471,74,4,0
BRDA:489,75,0,0
BRDA:489,75,1,0
BRDA:489,76,0,0
BRDA:489,76,1,0
BRDA:495,77,0,0
BRDA:495,77,1,0
BRDA:498,78,0,0
BRDA:498,78,1,0
BRDA:500,79,0,0
BRDA:500,79,1,0
BRDA:508,80,0,0
BRDA:508,80,1,0
BRDA:513,81,0,0
BRDA:513,81,1,0
BRDA:525,82,0,0
BRDA:525,82,1,0
BRDA:527,83,0,0
BRDA:527,83,1,0
BRDA:531,84,0,0
BRDA:531,84,1,0
BRDA:539,85,0,0
BRDA:539,85,1,0
BRDA:548,86,0,0
BRDA:548,86,1,0
BRDA:552,87,0,0
BRDA:552,87,1,0
BRDA:562,88,0,0
BRDA:562,88,1,0
BRDA:573,89,0,0
BRDA:573,89,1,0
BRDA:579,90,0,0
BRDA:579,90,1,0
BRDA:587,91,0,0
BRDA:587,91,1,0
BRF:190
BRH:17
end_of_record
TN:
SF:src/hooks/use-job-snapshot.ts
FN:31,useJobSnapshot
FN:44,(anonymous_1)
FN:58,(anonymous_2)
FN:70,(anonymous_3)
FN:82,(anonymous_4)
FN:88,(anonymous_5)
FN:120,(anonymous_6)
FN:129,(anonymous_7)
FN:138,(anonymous_8)
FN:145,(anonymous_9)
FN:149,(anonymous_10)
FN:156,(anonymous_11)
FN:159,(anonymous_12)
FN:163,(anonymous_13)
FN:166,(anonymous_14)
FNF:15
FNH:9
FNDA:12,useJobSnapshot
FNDA:4,(anonymous_1)
FNDA:4,(anonymous_2)
FNDA:4,(anonymous_3)
FNDA:4,(anonymous_4)
FNDA:0,(anonymous_5)
FNDA:0,(anonymous_6)
FNDA:0,(anonymous_7)
FNDA:0,(anonymous_8)
FNDA:7,(anonymous_9)
FNDA:0,(anonymous_10)
FNDA:0,(anonymous_11)
FNDA:7,(anonymous_12)
FNDA:1,(anonymous_13)
FNDA:2,(anonymous_14)
DA:7,2
DA:9,2
DA:10,2
DA:12,2
DA:14,2
DA:16,2
DA:17,2
DA:20,2
DA:22,2
DA:32,12
DA:33,12
DA:34,12
DA:35,12
DA:36,12
DA:37,12
DA:38,12
DA:40,12
DA:44,12
DA:45,4
DA:46,4
DA:47,4
DA:48,4
DA:49,4
DA:50,4
DA:52,0
DA:54,4
DA:58,12
DA:59,4
DA:60,1
DA:61,1
DA:62,1
DA:64,3
DA:65,3
DA:66,3
DA:67,3
DA:70,12
DA:71,4
DA:72,0
DA:77,4
DA:78,0
DA:79,0
DA:82,12
DA:83,4
DA:85,0
DA:86,0
DA:87,0
DA:88,0
DA:89,0
DA:95,0
DA:99,0
DA:107,0
DA:108,0
DA:109,0
DA:113,0
DA:114,0
DA:115,0
DA:117,0
DA:118,0
DA:121,0
DA:122,0
DA:123,0
DA:124,0
DA:125,0
DA:126,0
DA:127,0
DA:130,0
DA:131,0
DA:132,0
DA:133,0
DA:134,0
DA:138,0
DA:139,0
DA:140,0
DA:141,0
DA:145,12
DA:146,7
DA:147,0
DA:148,0
DA:149,0
DA:150,0
DA:151,0
DA:152,0
DA:153,0
DA:156,0
DA:159,12
DA:160,7
DA:161,3
DA:162,2
DA:163,2
DA:164,1
DA:166,2
DA:169,12
LF:92
LH:49
BRDA:8,0,0,2
BRDA:8,0,1,2
BRDA:9,1,0,2
BRDA:9,1,1,2
BRDA:10,2,0,2
BRDA:10,2,1,0
BRDA:12,3,0,2
BRDA:12,3,1,0
BRDA:13,4,0,0
BRDA:13,4,1,0
BRDA:14,5,0,2
BRDA:14,5,1,2
BRDA:16,6,0,2
BRDA:16,6,1,2
BRDA:18,7,0,2
BRDA:18,7,1,2
BRDA:20,8,0,2
BRDA:20,8,1,2
BRDA:40,9,0,12
BRDA:40,9,1,0
BRDA:40,9,2,0
BRDA:45,10,0,0
BRDA:45,10,1,4
BRDA:52,11,0,0
BRDA:52,11,1,0
BRDA:59,12,0,1
BRDA:59,12,1,3
BRDA:71,13,0,4
BRDA:71,13,1,0
BRDA:72,14,0,0
BRDA:72,14,1,0
BRDA:74,15,0,0
BRDA:74,15,1,0
BRDA:77,16,0,0
BRDA:77,16,1,4
BRDA:83,17,0,4
BRDA:83,17,1,0
BRDA:83,18,0,4
BRDA:83,18,1,3
BRDA:83,18,2,0
BRDA:99,19,0,0
BRDA:99,19,1,0
BRDA:105,20,0,0
BRDA:105,20,1,0
BRDA:108,21,0,0
BRDA:108,21,1,0
BRDA:113,22,0,0
BRDA:113,22,1,0
BRDA:121,23,0,0
BRDA:121,23,1,0
BRDA:122,24,0,0
BRDA:122,24,1,0
BRDA:125,25,0,0
BRDA:125,25,1,0
BRDA:130,26,0,0
BRDA:130,26,1,0
BRDA:134,27,0,0
BRDA:134,27,1,0
BRDA:146,28,0,7
BRDA:146,28,1,0
BRDA:146,29,0,7
BRDA:146,29,1,6
BRDA:146,29,2,0
BRDA:147,30,0,0
BRDA:147,30,1,0
BRDA:147,31,0,0
BRDA:147,31,1,0
BRDA:151,32,0,0
BRDA:151,32,1,0
BRDA:152,33,0,0
BRDA:152,33,1,0
BRDA:160,34,0,4
BRDA:160,34,1,3
BRDA:160,35,0,7
BRDA:160,35,1,6
BRDA:161,36,0,1
BRDA:161,36,1,2
BRDA:162,37,0,0
BRDA:162,37,1,2
BRDA:162,38,0,2
BRDA:162,38,1,0
BRDA:175,39,0,12
BRDA:175,39,1,0
BRDA:175,39,2,0
BRF:84
BRH:35
end_of_record
TN:
SF:src/lib/app-config.ts
FNF:0
FNH:0
DA:1,4
DA:2,4
DA:4,4
DA:6,4
DA:7,4
DA:10,4
DA:12,4
DA:14,4
DA:15,4
DA:17,4
DA:19,4
DA:21,4
DA:23,4
DA:25,4
DA:29,4
DA:30,4
DA:31,4
DA:32,4
DA:33,4
DA:35,4
DA:36,4
LF:21
LH:21
BRDA:1,0,0,4
BRDA:1,0,1,4
BRDA:2,1,0,4
BRDA:2,1,1,0
BRDA:4,2,0,4
BRDA:4,2,1,0
BRDA:5,3,0,0
BRDA:5,3,1,0
BRDA:6,4,0,4
BRDA:6,4,1,4
BRDA:8,5,0,4
BRDA:8,5,1,3
BRDA:10,6,0,4
BRDA:10,6,1,3
BRDA:12,7,0,4
BRDA:12,7,1,4
BRDA:14,8,0,4
BRDA:14,8,1,4
BRDA:16,9,0,4
BRDA:16,9,1,4
BRDA:18,10,0,4
BRDA:18,10,1,4
BRDA:20,11,0,4
BRDA:20,11,1,4
BRDA:22,12,0,4
BRDA:22,12,1,4
BRDA:24,13,0,4
BRDA:24,13,1,4
BRDA:26,14,0,4
BRDA:26,14,1,4
BRDA:29,15,0,4
BRDA:29,15,1,4
BRDA:29,16,0,4
BRDA:29,16,1,4
BRDA:30,17,0,4
BRDA:30,17,1,4
BRDA:31,18,0,4
BRDA:31,18,1,4
BRDA:32,19,0,4
BRDA:32,19,1,4
BRDA:33,20,0,4
BRDA:33,20,1,4
BRDA:35,21,0,4
BRDA:35,21,1,4
BRDA:36,22,0,4
BRDA:36,22,1,0
BRF:46
BRH:41
end_of_record
TN:
SF:src/lib/auth-helpers.ts
FN:2,generateCodeVerifier
FN:8,generateCodeChallenge
FN:15,generateState
FN:22,base64UrlEncode
FN:30,parseJwt
FN:38,getJwtExpiry
FN:48,isJwtExpired
FN:60,isAuthExpiredError
FNF:8
FNH:7
FNDA:1,generateCodeVerifier
FNDA:0,generateCodeChallenge
FNDA:1,generateState
FNDA:2,base64UrlEncode
FNDA:4,parseJwt
FNDA:3,getJwtExpiry
FNDA:2,isJwtExpired
FNDA:9,isAuthExpiredError
DA:3,1
DA:4,1
DA:5,1
DA:9,0
DA:10,0
DA:11,0
DA:16,1
DA:17,1
DA:18,1
DA:23,2
DA:31,4
DA:32,4
DA:33,4
DA:34,4
DA:39,3
DA:40,3
DA:41,3
DA:43,0
DA:49,2
DA:50,2
DA:51,2
DA:52,2
DA:53,2
DA:55,0
DA:61,9
DA:62,9
DA:63,9
DA:64,9
DA:67,9
DA:68,1
DA:71,8
DA:76,5
DA:80,3
DA:81,1
DA:84,2
LF:35
LH:30
BRDA:32,0,0,0
BRDA:32,0,1,4
BRDA:41,1,0,3
BRDA:41,1,1,0
BRDA:48,2,0,2
BRDA:51,3,0,0
BRDA:51,3,1,2
BRDA:61,4,0,0
BRDA:61,4,1,9
BRDA:61,5,0,9
BRDA:61,5,1,9
BRDA:63,6,0,9
BRDA:63,6,1,0
BRDA:64,7,0,0
BRDA:64,7,1,9
BRDA:67,8,0,1
BRDA:67,8,1,8
BRDA:71,9,0,5
BRDA:71,9,1,3
BRDA:80,10,0,1
BRDA:80,10,1,2
BRDA:80,11,0,3
BRDA:80,11,1,1
BRDA:80,11,2,2
BRF:24
BRH:18
end_of_record
TN:
SF:src/lib/date-input.ts
FN:3,(anonymous_0)
FNF:1
FNH:1
FNDA:72,(anonymous_0)
DA:3,3
DA:4,72
DA:5,72
DA:6,0
DA:7,0
DA:8,0
DA:9,0
LF:7
LH:3
BRDA:5,0,0,72
BRDA:5,0,1,0
BRDA:6,1,0,0
BRDA:6,1,1,0
BRDA:8,2,0,0
BRDA:8,2,1,0
BRDA:9,3,0,0
BRDA:9,3,1,0
BRF:8
BRH:1
end_of_record
TN:
SF:src/lib/firebase-app-check.ts
FN:19,(anonymous_0)
FN:29,resolveFirebaseApp
FN:55,initAppCheck
FN:103,getAppCheckInstance
FN:105,(anonymous_4)
FN:113,getAppCheckTokenHeader
FNF:6
FNH:4
FNDA:0,(anonymous_0)
FNDA:1,resolveFirebaseApp
FNDA:1,initAppCheck
FNDA:1,getAppCheckInstance
FNDA:0,(anonymous_4)
FNDA:1,getAppCheckTokenHeader
DA:16,2
DA:17,2
DA:19,2
DA:20,0
DA:21,0
DA:22,0
DA:23,0
DA:24,0
DA:26,0
DA:30,1
DA:31,1
DA:32,1
DA:33,0
DA:35,1
DA:36,1
DA:44,1
DA:45,0
DA:47,1
DA:56,1
DA:57,0
DA:59,1
DA:60,0
DA:61,0
DA:63,1
DA:65,0
DA:68,1
DA:69,1
DA:70,0
DA:71,0
DA:74,1
DA:75,1
DA:77,1
DA:81,1
DA:82,0
DA:86,1
DA:87,1
DA:92,0
DA:93,0
DA:94,0
DA:95,0
DA:97,0
DA:99,0
DA:104,1
DA:105,1
DA:106,0
DA:107,0
DA:110,1
DA:114,1
DA:115,1
DA:116,0
DA:118,1
DA:119,1
DA:120,1
DA:121,1
DA:122,1
DA:123,0
DA:125,1
DA:127,0
DA:128,0
LF:59
LH:32
BRDA:20,0,0,0
BRDA:20,0,1,0
BRDA:22,1,0,0
BRDA:22,1,1,0
BRDA:32,2,0,0
BRDA:32,2,1,1
BRDA:44,3,0,0
BRDA:44,3,1,1
BRDA:44,4,0,1
BRDA:44,4,1,1
BRDA:44,4,2,1
BRDA:51,5,0,1
BRDA:51,5,1,0
BRDA:56,6,0,0
BRDA:56,6,1,1
BRDA:59,7,0,0
BRDA:59,7,1,1
BRDA:63,8,0,0
BRDA:63,8,1,1
BRDA:63,9,0,1
BRDA:63,9,1,0
BRDA:69,10,0,0
BRDA:69,10,1,1
BRDA:77,11,0,1
BRDA:77,11,1,0
BRDA:81,12,0,0
BRDA:81,12,1,1
BRDA:81,13,0,1
BRDA:81,13,1,0
BRDA:93,14,0,0
BRDA:93,14,1,0
BRDA:93,15,0,0
BRDA:93,15,1,0
BRDA:94,16,0,0
BRDA:94,16,1,0
BRDA:104,17,0,1
BRDA:104,17,1,0
BRDA:115,18,0,0
BRDA:115,18,1,1
BRDA:122,19,0,0
BRDA:122,19,1,1
BRF:41
BRH:17
end_of_record
TN:
SF:src/lib/firebase-config.ts
FN:14,(anonymous_0)
FN:16,(anonymous_1)
FN:32,(anonymous_2)
FN:66,(anonymous_3)
FN:99,(anonymous_4)
FN:113,(anonymous_5)
FN:119,(anonymous_6)
FN:124,(anonymous_7)
FNF:8
FNH:8
FNDA:12,(anonymous_0)
FNDA:1,(anonymous_1)
FNDA:2,(anonymous_2)
FNDA:2,(anonymous_3)
FNDA:2,(anonymous_4)
FNDA:2,(anonymous_5)
FNDA:1,(anonymous_6)
FNDA:1,(anonymous_7)
DA:10,2
DA:12,2
DA:14,12
DA:16,2
DA:19,1
DA:20,1
DA:21,1
DA:22,0
DA:24,1
DA:32,2
DA:48,2
DA:50,2
DA:52,2
DA:56,2
DA:58,2
DA:66,2
DA:67,2
DA:68,0
DA:71,2
DA:75,2
DA:76,2
DA:79,0
DA:80,0
DA:81,0
DA:82,0
DA:84,0
DA:89,0
DA:92,2
DA:93,0
DA:96,0
DA:99,2
DA:102,2
DA:106,1
DA:107,0
DA:109,1
DA:110,1
DA:113,2
DA:114,2
DA:115,2
DA:116,0
DA:118,2
DA:119,2
DA:121,2
DA:124,2
DA:125,1
LF:45
LH:33
BRDA:14,0,0,11
BRDA:14,0,1,1
BRDA:21,1,0,0
BRDA:21,1,1,1
BRDA:21,2,0,1
BRDA:21,2,1,1
BRDA:26,3,0,1
BRDA:26,3,1,0
BRDA:48,4,0,2
BRDA:48,4,1,0
BRDA:48,4,2,0
BRDA:48,5,0,0
BRDA:48,5,1,0
BRDA:50,6,0,2
BRDA:50,6,1,2
BRDA:50,6,2,1
BRDA:50,7,0,0
BRDA:50,7,1,1
BRDA:52,8,0,2
BRDA:52,8,1,0
BRDA:52,8,2,0
BRDA:54,9,0,0
BRDA:54,9,1,0
BRDA:56,10,0,2
BRDA:56,10,1,2
BRDA:56,10,2,1
BRDA:56,11,0,0
BRDA:56,11,1,1
BRDA:67,12,0,0
BRDA:67,12,1,2
BRDA:75,13,0,2
BRDA:75,13,1,0
BRDA:80,14,0,0
BRDA:80,14,1,0
BRDA:89,15,0,0
BRDA:89,15,1,0
BRDA:89,16,0,0
BRDA:89,16,1,0
BRDA:90,17,0,0
BRDA:90,17,1,0
BRDA:92,18,0,0
BRDA:92,18,1,2
BRDA:92,19,0,2
BRDA:92,19,1,0
BRDA:100,20,0,2
BRDA:106,21,0,0
BRDA:106,21,1,1
BRDA:115,22,0,0
BRDA:115,22,1,2
BRDA:118,23,0,2
BRDA:118,23,1,0
BRF:51
BRH:24
end_of_record
TN:
SF:src/lib/firebase-emulator.ts
FN:11,(anonymous_0)
FN:22,(anonymous_1)
FN:26,openProxy
FN:38,(anonymous_3)
FN:61,(anonymous_4)
FNF:5
FNH:3
FNDA:2,(anonymous_0)
FNDA:2,(anonymous_1)
FNDA:0,openProxy
FNDA:2,(anonymous_3)
FNDA:0,(anonymous_4)
DA:6,4
DA:9,4
DA:11,4
DA:12,2
DA:13,2
DA:14,2
DA:19,2
DA:20,2
DA:21,2
DA:22,2
DA:25,2
DA:26,2
DA:33,0
DA:34,0
DA:37,2
DA:38,2
DA:40,2
DA:45,2
DA:46,2
DA:47,1
DA:48,1
DA:50,0
DA:51,0
DA:53,0
DA:54,0
DA:56,1
DA:59,2
DA:60,0
DA:61,0
DA:62,0
DA:63,0
DA:64,0
LF:32
LH:21
BRDA:7,0,0,4
BRDA:7,0,1,2
BRDA:12,1,0,0
BRDA:12,1,1,2
BRDA:13,2,0,0
BRDA:13,2,1,2
BRDA:14,3,0,2
BRDA:14,3,1,0
BRDA:19,4,0,0
BRDA:19,4,1,2
BRDA:20,5,0,0
BRDA:20,5,1,2
BRDA:34,6,0,0
BRDA:34,6,1,0
BRDA:34,7,0,0
BRDA:34,7,1,0
BRDA:34,8,0,0
BRDA:34,8,1,0
BRDA:40,9,0,2
BRDA:40,9,1,0
BRDA:42,10,0,0
BRDA:42,10,1,0
BRDA:46,11,0,1
BRDA:46,11,1,1
BRDA:47,12,0,1
BRDA:47,12,1,0
BRDA:50,13,0,0
BRDA:50,13,1,0
BRDA:59,14,0,0
BRDA:59,14,1,2
BRDA:59,15,0,2
BRDA:59,15,1,2
BRDA:62,16,0,0
BRDA:62,16,1,0
BRF:34
BRH:14
end_of_record
TN:
SF:src/lib/format.ts
FN:5,formatDate
FN:11,formatDateRange
FN:23,formatISODate
FN:28,formatElapsed
FN:43,formatLastUpdate
FN:57,getPhaseEvents
FN:59,(anonymous_6)
FN:63,formatPhaseElapsed
FN:72,(anonymous_8)
FN:80,formatPhaseLastUpdate
FN:87,(anonymous_10)
FN:96,formatFlightId
FNF:12
FNH:11
FNDA:1,formatDate
FNDA:2,formatDateRange
FNDA:2,formatISODate
FNDA:5,formatElapsed
FNDA:5,formatLastUpdate
FNDA:147,getPhaseEvents
FNDA:20,(anonymous_6)
FNDA:74,formatPhaseElapsed
FNDA:1,(anonymous_8)
FNDA:73,formatPhaseLastUpdate
FNDA:1,(anonymous_10)
FNDA:0,formatFlightId
DA:6,1
DA:7,1
DA:12,2
DA:13,1
DA:14,1
DA:16,0
DA:17,0
DA:19,0
DA:24,2
DA:29,5
DA:30,5
DA:31,5
DA:32,5
DA:33,5
DA:34,5
DA:35,1
DA:36,0
DA:37,0
DA:38,0
DA:39,0
DA:44,5
DA:45,5
DA:46,5
DA:47,5
DA:48,5
DA:49,5
DA:50,4
DA:51,4
DA:52,4
DA:53,4
DA:58,147
DA:59,71
DA:69,74
DA:70,74
DA:71,5
DA:72,1
DA:74,5
DA:75,5
DA:76,74
DA:85,73
DA:86,73
DA:87,5
DA:88,1
DA:92,5
DA:97,0
DA:98,0
DA:99,0
DA:100,0
LF:48
LH:37
BRDA:6,0,0,0
BRDA:6,0,1,1
BRDA:12,1,0,1
BRDA:12,1,1,1
BRDA:12,2,0,2
BRDA:12,2,1,1
BRDA:13,3,0,1
BRDA:13,3,1,0
BRDA:13,4,0,1
BRDA:13,4,1,1
BRDA:16,5,0,0
BRDA:16,5,1,0
BRDA:29,6,0,0
BRDA:29,6,1,5
BRDA:31,7,0,5
BRDA:31,7,1,0
BRDA:34,8,0,4
BRDA:34,8,1,1
BRDA:35,9,0,1
BRDA:35,9,1,0
BRDA:38,10,0,0
BRDA:38,10,1,0
BRDA:43,11,0,5
BRDA:44,12,0,0
BRDA:44,12,1,5
BRDA:48,13,0,0
BRDA:48,13,1,5
BRDA:49,14,0,1
BRDA:49,14,1,4
BRDA:51,15,0,0
BRDA:51,15,1,4
BRDA:58,16,0,76
BRDA:58,16,1,71
BRDA:58,17,0,147
BRDA:58,17,1,71
BRDA:59,18,0,20
BRDA:59,18,1,12
BRDA:70,19,0,69
BRDA:70,19,1,5
BRDA:75,20,0,1
BRDA:75,20,1,4
BRDA:86,21,0,68
BRDA:86,21,1,5
BRDA:88,22,0,1
BRDA:88,22,1,0
BRDA:97,23,0,0
BRDA:97,23,1,0
BRDA:98,24,0,0
BRDA:98,24,1,0
BRDA:99,25,0,0
BRDA:99,25,1,0
BRF:51
BRH:32
end_of_record
TN:
SF:src/lib/navigation.ts
FN:4,navigateWithFade
FN:18,(anonymous_1)
FNF:2
FNH:0
FNDA:0,navigateWithFade
FNDA:0,(anonymous_1)
DA:5,0
DA:13,0
DA:15,0
DA:16,0
DA:17,0
DA:18,0
DA:19,0
LF:7
LH:0
BRDA:5,0,0,0
BRDA:5,0,1,0
BRDA:6,1,0,0
BRDA:6,1,1,0
BRDA:6,1,2,0
BRDA:6,1,3,0
BRDA:6,1,4,0
BRDA:6,1,5,0
BRF:8
BRH:0
end_of_record
TN:
SF:src/lib/runtime-endpoints.ts
FN:10,(anonymous_0)
FN:12,(anonymous_1)
FN:19,(anonymous_2)
FN:29,(anonymous_3)
FN:40,(anonymous_4)
FN:42,(anonymous_5)
FN:49,(anonymous_6)
FN:54,(anonymous_7)
FN:66,(anonymous_8)
FN:72,(anonymous_9)
FN:97,(anonymous_10)
FN:138,(anonymous_11)
FNF:12
FNH:12
FNDA:16,(anonymous_0)
FNDA:2,(anonymous_1)
FNDA:14,(anonymous_2)
FNDA:2,(anonymous_3)
FNDA:11,(anonymous_4)
FNDA:5,(anonymous_5)
FNDA:1,(anonymous_6)
FNDA:4,(anonymous_7)
FNDA:11,(anonymous_8)
FNDA:7,(anonymous_9)
FNDA:3,(anonymous_10)
FNDA:5,(anonymous_11)
DA:1,13
DA:2,13
DA:10,16
DA:12,13
DA:13,2
DA:14,2
DA:16,0
DA:19,13
DA:20,14
DA:21,0
DA:22,0
DA:29,13
DA:30,2
DA:31,2
DA:32,2
DA:33,2
DA:34,2
DA:36,0
DA:40,13
DA:42,13
DA:43,5
DA:44,5
DA:45,5
DA:46,5
DA:49,13
DA:50,1
DA:51,1
DA:54,13
DA:55,4
DA:56,4
DA:57,4
DA:58,4
DA:59,4
DA:66,13
DA:67,11
DA:68,11
DA:69,11
DA:72,13
DA:81,7
DA:82,6
DA:83,6
DA:84,7
DA:85,2
DA:86,2
DA:87,0
DA:89,2
DA:91,4
DA:92,2
DA:94,2
DA:97,13
DA:106,3
DA:107,0
DA:109,3
DA:114,3
DA:115,3
DA:118,3
DA:119,3
DA:120,3
DA:121,3
DA:122,1
DA:123,1
DA:125,0
DA:127,2
DA:128,1
DA:130,1
DA:131,1
DA:133,0
DA:134,0
DA:138,13
DA:145,5
DA:146,5
DA:147,0
DA:150,5
DA:151,5
DA:153,0
DA:155,5
DA:156,0
DA:158,5
DA:159,2
DA:161,3
DA:162,3
LF:81
LH:69
BRDA:13,0,0,2
BRDA:13,0,1,0
BRDA:13,1,0,2
BRDA:13,1,1,1
BRDA:20,2,0,14
BRDA:20,2,1,0
BRDA:21,3,0,0
BRDA:21,3,1,0
BRDA:31,4,0,0
BRDA:31,4,1,2
BRDA:45,5,0,0
BRDA:45,5,1,5
BRDA:45,6,0,5
BRDA:45,6,1,5
BRDA:46,7,0,5
BRDA:46,7,1,4
BRDA:51,8,0,1
BRDA:51,8,1,0
BRDA:51,8,2,0
BRDA:57,9,0,1
BRDA:57,9,1,3
BRDA:58,10,0,3
BRDA:58,10,1,1
BRDA:61,11,0,4
BRDA:61,11,1,0
BRDA:68,12,0,11
BRDA:68,12,1,10
BRDA:81,13,0,1
BRDA:81,13,1,6
BRDA:83,14,0,6
BRDA:83,14,1,4
BRDA:84,15,0,2
BRDA:84,15,1,5
BRDA:86,16,0,0
BRDA:86,16,1,2
BRDA:86,17,0,2
BRDA:86,17,1,1
BRDA:91,18,0,2
BRDA:91,18,1,2
BRDA:106,19,0,0
BRDA:106,19,1,3
BRDA:115,20,0,1
BRDA:115,20,1,2
BRDA:118,21,0,3
BRDA:118,21,1,0
BRDA:121,22,0,1
BRDA:121,22,1,2
BRDA:122,23,0,1
BRDA:122,23,1,0
BRDA:122,24,0,1
BRDA:122,24,1,1
BRDA:127,25,0,1
BRDA:127,25,1,1
BRDA:146,26,0,0
BRDA:146,26,1,5
BRDA:146,27,0,5
BRDA:146,27,1,5
BRDA:155,28,0,0
BRDA:155,28,1,5
BRDA:158,29,0,2
BRDA:158,29,1,3
BRF:61
BRH:46
end_of_record
TN:
SF:src/lib/utils.ts
FN:13,cn
FN:16,(anonymous_1)
FN:27,(anonymous_2)
FNF:3
FNH:2
FNDA:1690,cn
FNDA:3877,(anonymous_1)
FNDA:0,(anonymous_2)
DA:14,1690
DA:16,1690
DA:17,3877
DA:18,2913
DA:19,2913
DA:20,2913
DA:22,0
DA:23,0
DA:24,0
DA:26,0
DA:27,0
DA:28,0
DA:32,1690
DA:33,1690
LF:14
LH:8
BRDA:17,0,0,964
BRDA:17,0,1,2913
BRDA:18,1,0,2913
BRDA:18,1,1,0
BRDA:18,2,0,2913
BRDA:18,2,1,0
BRDA:22,3,0,0
BRDA:22,3,1,0
BRDA:26,4,0,0
BRDA:26,4,1,0
BRDA:28,5,0,0
BRDA:28,5,1,0
BRF:12
BRH:4
end_of_record
TN:
SF:src/state/flow.ts
FN:36,deriveFlowState
FN:50,(anonymous_1)
FN:79,getOpenStep
FN:93,canStartOver
FNF:4
FNH:4
FNDA:17,deriveFlowState
FNDA:3,(anonymous_1)
FNDA:6,getOpenStep
FNDA:18,canStartOver
DA:16,4
DA:23,4
DA:31,4
DA:32,4
DA:37,17
DA:38,12
DA:39,2
DA:47,10
DA:49,10
DA:50,3
DA:51,17
DA:61,17
DA:69,17
DA:80,6
DA:81,5
DA:86,2
DA:88,3
DA:89,2
DA:94,18
LF:19
LH:19
BRDA:37,0,0,5
BRDA:37,0,1,12
BRDA:38,1,0,2
BRDA:38,1,1,10
BRDA:49,2,0,10
BRDA:49,2,1,10
BRDA:51,3,0,0
BRDA:51,3,1,10
BRDA:53,4,0,5
BRDA:53,4,1,5
BRDA:54,5,0,3
BRDA:54,5,1,2
BRDA:57,6,0,5
BRDA:57,6,1,0
BRDA:61,7,0,1
BRDA:61,7,1,9
BRDA:63,8,0,1
BRDA:63,8,1,8
BRDA:65,9,0,3
BRDA:65,9,1,5
BRDA:65,10,0,8
BRDA:65,10,1,5
BRDA:80,11,0,1
BRDA:80,11,1,5
BRDA:81,12,0,2
BRDA:81,12,1,3
BRDA:82,13,0,5
BRDA:82,13,1,4
BRDA:82,13,2,4
BRDA:88,14,0,1
BRDA:88,14,1,2
BRDA:94,15,0,18
BRDA:94,15,1,18
BRDA:94,15,2,17
BRF:34
BRH:32
end_of_record
TN:
SF:src/state/mock-api.ts
FN:16,simulateReviewProgress
FN:20,(anonymous_1)
FN:30,(anonymous_2)
FN:34,simulateImportProgress
FN:38,(anonymous_4)
FN:48,(anonymous_5)
FNF:6
FNH:0
FNDA:0,simulateReviewProgress
FNDA:0,(anonymous_1)
FNDA:0,(anonymous_2)
FNDA:0,simulateImportProgress
FNDA:0,(anonymous_4)
FNDA:0,(anonymous_5)
DA:19,0
DA:20,0
DA:21,0
DA:22,0
DA:23,0
DA:24,0
DA:25,0
DA:27,0
DA:30,0
DA:37,0
DA:38,0
DA:39,0
DA:40,0
DA:41,0
DA:42,0
DA:43,0
DA:45,0
DA:48,0
LF:18
LH:0
BRDA:22,0,0,0
BRDA:22,0,1,0
BRDA:40,1,0,0
BRDA:40,1,1,0
BRF:4
BRH:0
end_of_record
